#
# A fatal error has been detected by the Java Runtime Environment:
#
#  Internal Error (javaClasses.cpp:129), pid=30985, tid=140075889088256
#  fatal error: Invalid layout of preloaded class
#
# JRE version: 7.0_25-b30
# Java VM: OpenJDK 64-Bit Server VM (23.7-b01 mixed mode linux-amd64 compressed oops)
# Failed to write core dump. Core dumps have been disabled. To enable core dumping, try "ulimit -c unlimited" before starting Java again
#
# If you would like to submit a bug report, please include
# instructions on how to reproduce the bug and visit:
#   https://bugs.launchpad.net/ubuntu/+source/openjdk-7/
#

---------------  T H R E A D  ---------------

Current thread (0x00007f65ec009800):  JavaThread "Unknown thread" [_thread_in_vm, id=30990, stack(0x00007f65f58c5000,0x00007f65f59c6000)]

Stack: [0x00007f65f58c5000,0x00007f65f59c6000],  sp=0x00007f65f59c4940,  free space=1022k
Native frames: (J=compiled Java code, j=interpreted, Vv=VM code, C=native code)
V  [libjvm.so+0x87092b]  VMError::report_and_die()+0x16b
V  [libjvm.so+0x3edba4]  report_fatal(char const*, int, char const*)+0x54
V  [libjvm.so+0x52fc52]  compute_offset(int&, klassOopDesc*, Symbol*, Symbol*, bool) [clone .constprop.123]+0x102
V  [libjvm.so+0x5303d6]  java_lang_String::compute_offsets()+0x36
V  [libjvm.so+0x7fcc3a]  SystemDictionary::initialize_preloaded_classes(Thread*)+0xaa
V  [libjvm.so+0x848f18]  Universe::genesis(Thread*)+0x458
V  [libjvm.so+0x849524]  universe2_init()+0x24
V  [libjvm.so+0x4e566a]  init_globals()+0x9a
V  [libjvm.so+0x82d702]  Threads::create_vm(JavaVMInitArgs*, bool*)+0x3a2
V  [libjvm.so+0x54e7fd]  JNI_CreateJavaVM+0x4d
C  [libjli.so+0x2b18]  __strcat_chk+0x2b18


---------------  P R O C E S S  ---------------

Java Threads: ( => current thread )

Other Threads:

=>0x00007f65ec009800 (exited) JavaThread "Unknown thread" [_thread_in_vm, id=30990, stack(0x00007f65f58c5000,0x00007f65f59c6000)]

VM state:not at safepoint (not fully initialized)

VM Mutex/Monitor currently owned by a thread: None

GC Heap History (0 events):
No events

Deoptimization events (0 events):
No events

Internal exceptions (0 events):
No events

Events (10 events):
Event: 0.019 loading class 0x00007f65ec02b430 done
Event: 0.020 loading class 0x00007f65ec02acd0 done
Event: 0.020 loading class 0x00007f65ec02aca0
Event: 0.020 loading class 0x00007f65ec055f30
Event: 0.020 loading class 0x00007f65ec055f30 done
Event: 0.020 loading class 0x00007f65ec055f70
Event: 0.020 loading class 0x00007f65ec055f70 done
Event: 0.020 loading class 0x00007f65ec055fb0
Event: 0.020 loading class 0x00007f65ec055fb0 done
Event: 0.020 loading class 0x00007f65ec02aca0 done


Dynamic libraries:
00400000-00401000 r-xp 00000000 fc:00 30941004                           /usr/lib/jvm/java-7-openjdk-amd64/jre/bin/java
00600000-00601000 r--p 00000000 fc:00 30941004                           /usr/lib/jvm/java-7-openjdk-amd64/jre/bin/java
00601000-00602000 rw-p 00001000 fc:00 30941004                           /usr/lib/jvm/java-7-openjdk-amd64/jre/bin/java
0062e000-0064f000 rw-p 00000000 00:00 0                                  [heap]
b9e00000-bb2c0000 rw-p 00000000 00:00 0 
bb2c0000-c4400000 rw-p 00000000 00:00 0 
c4400000-c6be0000 rw-p 00000000 00:00 0 
c6be0000-ec160000 rw-p 00000000 00:00 0 
ec160000-ed540000 rw-p 00000000 00:00 0 
ed540000-100000000 rw-p 00000000 00:00 0 
7f65cc000000-7f65cc021000 rw-p 00000000 00:00 0 
7f65cc021000-7f65d0000000 ---p 00000000 00:00 0 
7f65d4000000-7f65d4021000 rw-p 00000000 00:00 0 
7f65d4021000-7f65d8000000 ---p 00000000 00:00 0 
7f65dc000000-7f65dc021000 rw-p 00000000 00:00 0 
7f65dc021000-7f65e0000000 ---p 00000000 00:00 0 
7f65e1cf0000-7f65e4000000 rw-p 00000000 00:00 0 
7f65e4000000-7f65e4021000 rw-p 00000000 00:00 0 
7f65e4021000-7f65e8000000 ---p 00000000 00:00 0 
7f65e9000000-7f65e9270000 rwxp 00000000 00:00 0 
7f65e9270000-7f65ec060000 rw-p 00000000 00:00 0 
7f65ec060000-7f65f0000000 ---p 00000000 00:00 0 
7f65f1295000-7f65f14c4000 rw-p 00000000 00:00 0 
7f65f14c4000-7f65f158a000 r--s 0116f000 fc:00 18750326                   /home/itogui/Desktop/adt-bundle-linux-x86_64-20131030/sdk/platforms/android-17/android.jar
7f65f158a000-7f65f1e76000 rw-p 00000000 00:00 0 
7f65f1e76000-7f65f1e77000 ---p 00000000 00:00 0 
7f65f1e77000-7f65f1f77000 rw-p 00000000 00:00 0                          [stack:30994]
7f65f1f77000-7f65f1f78000 ---p 00000000 00:00 0 
7f65f1f78000-7f65f2078000 rw-p 00000000 00:00 0                          [stack:30993]
7f65f2078000-7f65f2079000 ---p 00000000 00:00 0 
7f65f2079000-7f65f2179000 rw-p 00000000 00:00 0                          [stack:30992]
7f65f2179000-7f65f217a000 ---p 00000000 00:00 0 
7f65f217a000-7f65f2285000 rw-p 00000000 00:00 0                          [stack:30991]
7f65f2285000-7f65f22cd000 rw-p 00000000 00:00 0 
7f65f22cd000-7f65f22e1000 rw-p 00000000 00:00 0 
7f65f22e1000-7f65f240c000 rw-p 00000000 00:00 0 
7f65f240c000-7f65f2417000 rw-p 00000000 00:00 0 
7f65f2417000-7f65f245f000 rw-p 00000000 00:00 0 
7f65f245f000-7f65f2473000 rw-p 00000000 00:00 0 
7f65f2473000-7f65f259d000 rw-p 00000000 00:00 0 
7f65f259d000-7f65f25a8000 rw-p 00000000 00:00 0 
7f65f25a8000-7f65f263d000 rw-p 00000000 00:00 0 
7f65f263d000-7f65f263e000 rw-p 00000000 00:00 0 
7f65f263e000-7f65f2646000 r-xp 00000000 fc:00 30941000                   /usr/lib/jvm/java-7-openjdk-amd64/jre/lib/amd64/libzip.so
7f65f2646000-7f65f2845000 ---p 00008000 fc:00 30941000                   /usr/lib/jvm/java-7-openjdk-amd64/jre/lib/amd64/libzip.so
7f65f2845000-7f65f2846000 r--p 00007000 fc:00 30941000                   /usr/lib/jvm/java-7-openjdk-amd64/jre/lib/amd64/libzip.so
7f65f2846000-7f65f2847000 rw-p 00008000 fc:00 30941000                   /usr/lib/jvm/java-7-openjdk-amd64/jre/lib/amd64/libzip.so
7f65f2847000-7f65f2853000 r-xp 00000000 fc:00 12847485                   /lib/x86_64-linux-gnu/libnss_files-2.17.so
7f65f2853000-7f65f2a52000 ---p 0000c000 fc:00 12847485                   /lib/x86_64-linux-gnu/libnss_files-2.17.so
7f65f2a52000-7f65f2a53000 r--p 0000b000 fc:00 12847485                   /lib/x86_64-linux-gnu/libnss_files-2.17.so
7f65f2a53000-7f65f2a54000 rw-p 0000c000 fc:00 12847485                   /lib/x86_64-linux-gnu/libnss_files-2.17.so
7f65f2a54000-7f65f2a5f000 r-xp 00000000 fc:00 12847483                   /lib/x86_64-linux-gnu/libnss_nis-2.17.so
7f65f2a5f000-7f65f2c5e000 ---p 0000b000 fc:00 12847483                   /lib/x86_64-linux-gnu/libnss_nis-2.17.so
7f65f2c5e000-7f65f2c5f000 r--p 0000a000 fc:00 12847483                   /lib/x86_64-linux-gnu/libnss_nis-2.17.so
7f65f2c5f000-7f65f2c60000 rw-p 0000b000 fc:00 12847483                   /lib/x86_64-linux-gnu/libnss_nis-2.17.so
7f65f2c60000-7f65f2c77000 r-xp 00000000 fc:00 12845868                   /lib/x86_64-linux-gnu/libnsl-2.17.so
7f65f2c77000-7f65f2e76000 ---p 00017000 fc:00 12845868                   /lib/x86_64-linux-gnu/libnsl-2.17.so
7f65f2e76000-7f65f2e77000 r--p 00016000 fc:00 12845868                   /lib/x86_64-linux-gnu/libnsl-2.17.so
7f65f2e77000-7f65f2e78000 rw-p 00017000 fc:00 12845868                   /lib/x86_64-linux-gnu/libnsl-2.17.so
7f65f2e78000-7f65f2e7a000 rw-p 00000000 00:00 0 
7f65f2e7a000-7f65f2e82000 r-xp 00000000 fc:00 12847474                   /lib/x86_64-linux-gnu/libnss_compat-2.17.so
7f65f2e82000-7f65f3081000 ---p 00008000 fc:00 12847474                   /lib/x86_64-linux-gnu/libnss_compat-2.17.so
7f65f3081000-7f65f3082000 r--p 00007000 fc:00 12847474                   /lib/x86_64-linux-gnu/libnss_compat-2.17.so
7f65f3082000-7f65f3083000 rw-p 00008000 fc:00 12847474                   /lib/x86_64-linux-gnu/libnss_compat-2.17.so
7f65f3083000-7f65f30ae000 r-xp 00000000 fc:00 30940956                   /usr/lib/jvm/java-7-openjdk-amd64/jre/lib/amd64/libjava.so
7f65f30ae000-7f65f32ad000 ---p 0002b000 fc:00 30940956                   /usr/lib/jvm/java-7-openjdk-amd64/jre/lib/amd64/libjava.so
7f65f32ad000-7f65f32ae000 r--p 0002a000 fc:00 30940956                   /usr/lib/jvm/java-7-openjdk-amd64/jre/lib/amd64/libjava.so
7f65f32ae000-7f65f32b0000 rw-p 0002b000 fc:00 30940956                   /usr/lib/jvm/java-7-openjdk-amd64/jre/lib/amd64/libjava.so
7f65f32b0000-7f65f32c0000 r-xp 00000000 fc:00 30940952                   /usr/lib/jvm/java-7-openjdk-amd64/jre/lib/amd64/libverify.so
7f65f32c0000-7f65f34bf000 ---p 00010000 fc:00 30940952                   /usr/lib/jvm/java-7-openjdk-amd64/jre/lib/amd64/libverify.so
7f65f34bf000-7f65f34c1000 r--p 0000f000 fc:00 30940952                   /usr/lib/jvm/java-7-openjdk-amd64/jre/lib/amd64/libverify.so
7f65f34c1000-7f65f34c2000 rw-p 00011000 fc:00 30940952                   /usr/lib/jvm/java-7-openjdk-amd64/jre/lib/amd64/libverify.so
7f65f34c2000-7f65f34c9000 r-xp 00000000 fc:00 12847486                   /lib/x86_64-linux-gnu/librt-2.17.so
7f65f34c9000-7f65f36c8000 ---p 00007000 fc:00 12847486                   /lib/x86_64-linux-gnu/librt-2.17.so
7f65f36c8000-7f65f36c9000 r--p 00006000 fc:00 12847486                   /lib/x86_64-linux-gnu/librt-2.17.so
7f65f36c9000-7f65f36ca000 rw-p 00007000 fc:00 12847486                   /lib/x86_64-linux-gnu/librt-2.17.so
7f65f36ca000-7f65f36df000 r-xp 00000000 fc:00 12846112                   /lib/x86_64-linux-gnu/libgcc_s.so.1
7f65f36df000-7f65f38de000 ---p 00015000 fc:00 12846112                   /lib/x86_64-linux-gnu/libgcc_s.so.1
7f65f38de000-7f65f38df000 r--p 00014000 fc:00 12846112                   /lib/x86_64-linux-gnu/libgcc_s.so.1
7f65f38df000-7f65f38e0000 rw-p 00015000 fc:00 12846112                   /lib/x86_64-linux-gnu/libgcc_s.so.1
7f65f38e0000-7f65f39e3000 r-xp 00000000 fc:00 12847477                   /lib/x86_64-linux-gnu/libm-2.17.so
7f65f39e3000-7f65f3be2000 ---p 00103000 fc:00 12847477                   /lib/x86_64-linux-gnu/libm-2.17.so
7f65f3be2000-7f65f3be3000 r--p 00102000 fc:00 12847477                   /lib/x86_64-linux-gnu/libm-2.17.so
7f65f3be3000-7f65f3be4000 rw-p 00103000 fc:00 12847477                   /lib/x86_64-linux-gnu/libm-2.17.so
7f65f3be4000-7f65f3cca000 r-xp 00000000 fc:00 30945947                   /usr/lib/x86_64-linux-gnu/libstdc++.so.6.0.18
7f65f3cca000-7f65f3ec9000 ---p 000e6000 fc:00 30945947                   /usr/lib/x86_64-linux-gnu/libstdc++.so.6.0.18
7f65f3ec9000-7f65f3ed1000 r--p 000e5000 fc:00 30945947                   /usr/lib/x86_64-linux-gnu/libstdc++.so.6.0.18
7f65f3ed1000-7f65f3ed3000 rw-p 000ed000 fc:00 30945947                   /usr/lib/x86_64-linux-gnu/libstdc++.so.6.0.18
7f65f3ed3000-7f65f3ee8000 rw-p 00000000 00:00 0 
7f65f3ee8000-7f65f48f6000 r-xp 00000000 fc:00 30940964                   /usr/lib/jvm/java-7-openjdk-amd64/jre/lib/amd64/server/libjvm.so
7f65f48f6000-7f65f4af5000 ---p 00a0e000 fc:00 30940964                   /usr/lib/jvm/java-7-openjdk-amd64/jre/lib/amd64/server/libjvm.so
7f65f4af5000-7f65f4b6e000 r--p 00a0d000 fc:00 30940964                   /usr/lib/jvm/java-7-openjdk-amd64/jre/lib/amd64/server/libjvm.so
7f65f4b6e000-7f65f4b91000 rw-p 00a86000 fc:00 30940964                   /usr/lib/jvm/java-7-openjdk-amd64/jre/lib/amd64/server/libjvm.so
7f65f4b91000-7f65f4bbc000 rw-p 00000000 00:00 0 
7f65f4bbc000-7f65f4bd4000 r-xp 00000000 fc:00 12846104                   /lib/x86_64-linux-gnu/libz.so.1.2.8
7f65f4bd4000-7f65f4dd3000 ---p 00018000 fc:00 12846104                   /lib/x86_64-linux-gnu/libz.so.1.2.8
7f65f4dd3000-7f65f4dd4000 r--p 00017000 fc:00 12846104                   /lib/x86_64-linux-gnu/libz.so.1.2.8
7f65f4dd4000-7f65f4dd5000 rw-p 00018000 fc:00 12846104                   /lib/x86_64-linux-gnu/libz.so.1.2.8
7f65f4dd5000-7f65f4dec000 r-xp 00000000 fc:00 12847493                   /lib/x86_64-linux-gnu/libpthread-2.17.so
7f65f4dec000-7f65f4fec000 ---p 00017000 fc:00 12847493                   /lib/x86_64-linux-gnu/libpthread-2.17.so
7f65f4fec000-7f65f4fed000 r--p 00017000 fc:00 12847493                   /lib/x86_64-linux-gnu/libpthread-2.17.so
7f65f4fed000-7f65f4fee000 rw-p 00018000 fc:00 12847493                   /lib/x86_64-linux-gnu/libpthread-2.17.so
7f65f4fee000-7f65f4ff2000 rw-p 00000000 00:00 0 
7f65f4ff2000-7f65f4ff5000 r-xp 00000000 fc:00 12847492                   /lib/x86_64-linux-gnu/libdl-2.17.so
7f65f4ff5000-7f65f51f4000 ---p 00003000 fc:00 12847492                   /lib/x86_64-linux-gnu/libdl-2.17.so
7f65f51f4000-7f65f51f5000 r--p 00002000 fc:00 12847492                   /lib/x86_64-linux-gnu/libdl-2.17.so
7f65f51f5000-7f65f51f6000 rw-p 00003000 fc:00 12847492                   /lib/x86_64-linux-gnu/libdl-2.17.so
7f65f51f6000-7f65f53b3000 r-xp 00000000 fc:00 12847491                   /lib/x86_64-linux-gnu/libc-2.17.so
7f65f53b3000-7f65f55b3000 ---p 001bd000 fc:00 12847491                   /lib/x86_64-linux-gnu/libc-2.17.so
7f65f55b3000-7f65f55b7000 r--p 001bd000 fc:00 12847491                   /lib/x86_64-linux-gnu/libc-2.17.so
7f65f55b7000-7f65f55b9000 rw-p 001c1000 fc:00 12847491                   /lib/x86_64-linux-gnu/libc-2.17.so
7f65f55b9000-7f65f55be000 rw-p 00000000 00:00 0 
7f65f55be000-7f65f55cb000 r-xp 00000000 fc:00 30940770                   /usr/lib/jvm/java-7-openjdk-amd64/jre/lib/amd64/jli/libjli.so
7f65f55cb000-7f65f57ca000 ---p 0000d000 fc:00 30940770                   /usr/lib/jvm/java-7-openjdk-amd64/jre/lib/amd64/jli/libjli.so
7f65f57ca000-7f65f57cb000 r--p 0000c000 fc:00 30940770                   /usr/lib/jvm/java-7-openjdk-amd64/jre/lib/amd64/jli/libjli.so
7f65f57cb000-7f65f57cc000 rw-p 0000d000 fc:00 30940770                   /usr/lib/jvm/java-7-openjdk-amd64/jre/lib/amd64/jli/libjli.so
7f65f57cc000-7f65f57ef000 r-xp 00000000 fc:00 12847480                   /lib/x86_64-linux-gnu/ld-2.17.so
7f65f5805000-7f65f580f000 rw-p 00000000 00:00 0 
7f65f580f000-7f65f58c5000 rw-p 00000000 00:00 0 
7f65f58c5000-7f65f58c8000 ---p 00000000 00:00 0 
7f65f58c8000-7f65f59cb000 rw-p 00000000 00:00 0                          [stack:30990]
7f65f59e0000-7f65f59e2000 rw-p 00000000 00:00 0 
7f65f59e2000-7f65f59ea000 rw-s 00000000 fc:00 13898506                   /tmp/hsperfdata_itogui/30985
7f65f59ea000-7f65f59eb000 rw-p 00000000 00:00 0 
7f65f59eb000-7f65f59ec000 r--p 00000000 00:00 0 
7f65f59ec000-7f65f59ee000 rw-p 00000000 00:00 0 
7f65f59ee000-7f65f59ef000 r--p 00022000 fc:00 12847480                   /lib/x86_64-linux-gnu/ld-2.17.so
7f65f59ef000-7f65f59f1000 rw-p 00023000 fc:00 12847480                   /lib/x86_64-linux-gnu/ld-2.17.so
7fff3739b000-7fff373bc000 rw-p 00000000 00:00 0                          [stack]
7fff373fe000-7fff37400000 r-xp 00000000 00:00 0                          [vdso]
ffffffffff600000-ffffffffff601000 r-xp 00000000 00:00 0                  [vsyscall]

VM Arguments:
jvm_args: -Dfile.encoding=UTF-8 -Xbootclasspath:/home/itogui/Desktop/adt-bundle-linux-x86_64-20131030/sdk/platforms/android-17/android.jar 
java_command: core.Tools
Launcher Type: SUN_STANDARD

Environment Variables:
PATH=/usr/lib/lightdm/lightdm:/usr/local/sbin:/usr/local/bin:/usr/sbin:/usr/bin:/sbin:/bin:/usr/games:/usr/local/games
SHELL=/bin/bash
DISPLAY=:0

Signal Handlers:
SIGSEGV: [libjvm.so+0x871410], sa_mask[0]=0x7ffbfeff, sa_flags=0x10000004
SIGBUS: [libjvm.so+0x871410], sa_mask[0]=0x7ffbfeff, sa_flags=0x10000004
SIGFPE: [libjvm.so+0x709540], sa_mask[0]=0x7ffbfeff, sa_flags=0x10000004
SIGPIPE: [libjvm.so+0x709540], sa_mask[0]=0x7ffbfeff, sa_flags=0x10000004
SIGXFSZ: [libjvm.so+0x709540], sa_mask[0]=0x7ffbfeff, sa_flags=0x10000004
SIGILL: [libjvm.so+0x709540], sa_mask[0]=0x7ffbfeff, sa_flags=0x10000004
SIGUSR1: SIG_DFL, sa_mask[0]=0x00000000, sa_flags=0x00000000
SIGUSR2: [libjvm.so+0x709270], sa_mask[0]=0x00000004, sa_flags=0x10000004
SIGHUP: SIG_DFL, sa_mask[0]=0x00000000, sa_flags=0x00000000
SIGINT: SIG_DFL, sa_mask[0]=0x00000000, sa_flags=0x00000000
SIGTERM: SIG_DFL, sa_mask[0]=0x00000000, sa_flags=0x00000000
SIGQUIT: SIG_DFL, sa_mask[0]=0x00000000, sa_flags=0x00000000


---------------  S Y S T E M  ---------------

OS:Ubuntu 13.10 (saucy)
uname:Linux 3.11.0-15-generic #23-Ubuntu SMP Mon Dec 9 18:17:04 UTC 2013 x86_64
libc:glibc 2.17 NPTL 2.17 
rlimit: STACK 8192k, CORE 0k, NPROC 29900, NOFILE 4096, AS infinity
load average:1.57 1.22 0.92

/proc/meminfo:
MemTotal:        3914536 kB
MemFree:          467236 kB
Buffers:           32972 kB
Cached:           700752 kB
SwapCached:        49456 kB
Active:          2133904 kB
Inactive:        1030284 kB
Active(anon):    1997148 kB
Inactive(anon):   759848 kB
Active(file):     136756 kB
Inactive(file):   270436 kB
Unevictable:         128 kB
Mlocked:             128 kB
SwapTotal:       4059132 kB
SwapFree:        3748692 kB
Dirty:               712 kB
Writeback:             0 kB
AnonPages:       2393580 kB
Mapped:           196532 kB
Shmem:            326532 kB
Slab:             135824 kB
SReclaimable:      96244 kB
SUnreclaim:        39580 kB
KernelStack:        5232 kB
PageTables:        56424 kB
NFS_Unstable:          0 kB
Bounce:                0 kB
WritebackTmp:          0 kB
CommitLimit:     6016400 kB
Committed_AS:    6481960 kB
VmallocTotal:   34359738367 kB
VmallocUsed:      839672 kB
VmallocChunk:   34358841308 kB
HardwareCorrupted:     0 kB
AnonHugePages:         0 kB
HugePages_Total:       0
HugePages_Free:        0
HugePages_Rsvd:        0
HugePages_Surp:        0
Hugepagesize:       2048 kB
DirectMap4k:       95996 kB
DirectMap2M:     3971072 kB


CPU:total 4 (2 cores per cpu, 2 threads per core) family 6 model 58 stepping 9, cmov, cx8, fxsr, mmx, sse, sse2, sse3, ssse3, sse4.1, sse4.2, popcnt, avx, ht, tsc, tscinvbit, tscinv

/proc/cpuinfo:
processor	: 0
vendor_id	: GenuineIntel
cpu family	: 6
model		: 58
model name	: Intel(R) Core(TM) i5-3337U CPU @ 1.80GHz
stepping	: 9
microcode	: 0x15
cpu MHz		: 1795.932
cache size	: 3072 KB
physical id	: 0
siblings	: 4
core id		: 0
cpu cores	: 2
apicid		: 0
initial apicid	: 0
fpu		: yes
fpu_exception	: yes
cpuid level	: 13
wp		: yes
flags		: fpu vme de pse tsc msr pae mce cx8 apic sep mtrr pge mca cmov pat pse36 clflush dts acpi mmx fxsr sse sse2 ss ht tm pbe syscall nx rdtscp lm constant_tsc arch_perfmon pebs bts rep_good nopl xtopology nonstop_tsc aperfmperf eagerfpu pni pclmulqdq dtes64 monitor ds_cpl vmx est tm2 ssse3 cx16 xtpr pdcm pcid sse4_1 sse4_2 x2apic popcnt tsc_deadline_timer aes xsave avx f16c rdrand lahf_lm arat epb xsaveopt pln pts dtherm tpr_shadow vnmi flexpriority ept vpid fsgsbase smep erms
bogomips	: 3591.86
clflush size	: 64
cache_alignment	: 64
address sizes	: 36 bits physical, 48 bits virtual
power management:

processor	: 1
vendor_id	: GenuineIntel
cpu family	: 6
model		: 58
model name	: Intel(R) Core(TM) i5-3337U CPU @ 1.80GHz
stepping	: 9
microcode	: 0x15
cpu MHz		: 1795.932
cache size	: 3072 KB
physical id	: 0
siblings	: 4
core id		: 0
cpu cores	: 2
apicid		: 1
initial apicid	: 1
fpu		: yes
fpu_exception	: yes
cpuid level	: 13
wp		: yes
flags		: fpu vme de pse tsc msr pae mce cx8 apic sep mtrr pge mca cmov pat pse36 clflush dts acpi mmx fxsr sse sse2 ss ht tm pbe syscall nx rdtscp lm constant_tsc arch_perfmon pebs bts rep_good nopl xtopology nonstop_tsc aperfmperf eagerfpu pni pclmulqdq dtes64 monitor ds_cpl vmx est tm2 ssse3 cx16 xtpr pdcm pcid sse4_1 sse4_2 x2apic popcnt tsc_deadline_timer aes xsave avx f16c rdrand lahf_lm arat epb xsaveopt pln pts dtherm tpr_shadow vnmi flexpriority ept vpid fsgsbase smep erms
bogomips	: 3591.86
clflush size	: 64
cache_alignment	: 64
address sizes	: 36 bits physical, 48 bits virtual
power management:

processor	: 2
vendor_id	: GenuineIntel
cpu family	: 6
model		: 58
model name	: Intel(R) Core(TM) i5-3337U CPU @ 1.80GHz
stepping	: 9
microcode	: 0x15
cpu MHz		: 1795.932
cache size	: 3072 KB
physical id	: 0
siblings	: 4
core id		: 1
cpu cores	: 2
apicid		: 2
initial apicid	: 2
fpu		: yes
fpu_exception	: yes
cpuid level	: 13
wp		: yes
flags		: fpu vme de pse tsc msr pae mce cx8 apic sep mtrr pge mca cmov pat pse36 clflush dts acpi mmx fxsr sse sse2 ss ht tm pbe syscall nx rdtscp lm constant_tsc arch_perfmon pebs bts rep_good nopl xtopology nonstop_tsc aperfmperf eagerfpu pni pclmulqdq dtes64 monitor ds_cpl vmx est tm2 ssse3 cx16 xtpr pdcm pcid sse4_1 sse4_2 x2apic popcnt tsc_deadline_timer aes xsave avx f16c rdrand lahf_lm arat epb xsaveopt pln pts dtherm tpr_shadow vnmi flexpriority ept vpid fsgsbase smep erms
bogomips	: 3591.86
clflush size	: 64
cache_alignment	: 64
address sizes	: 36 bits physical, 48 bits virtual
power management:

processor	: 3
vendor_id	: GenuineIntel
cpu family	: 6
model		: 58
model name	: Intel(R) Core(TM) i5-3337U CPU @ 1.80GHz
stepping	: 9
microcode	: 0x15
cpu MHz		: 1795.932
cache size	: 3072 KB
physical id	: 0
siblings	: 4
core id		: 1
cpu cores	: 2
apicid		: 3
initial apicid	: 3
fpu		: yes
fpu_exception	: yes
cpuid level	: 13
wp		: yes
flags		: fpu vme de pse tsc msr pae mce cx8 apic sep mtrr pge mca cmov pat pse36 clflush dts acpi mmx fxsr sse sse2 ss ht tm pbe syscall nx rdtscp lm constant_tsc arch_perfmon pebs bts rep_good nopl xtopology nonstop_tsc aperfmperf eagerfpu pni pclmulqdq dtes64 monitor ds_cpl vmx est tm2 ssse3 cx16 xtpr pdcm pcid sse4_1 sse4_2 x2apic popcnt tsc_deadline_timer aes xsave avx f16c rdrand lahf_lm arat epb xsaveopt pln pts dtherm tpr_shadow vnmi flexpriority ept vpid fsgsbase smep erms
bogomips	: 3591.86
clflush size	: 64
cache_alignment	: 64
address sizes	: 36 bits physical, 48 bits virtual
power management:



Memory: 4k page, physical 3914536k(467236k free), swap 4059132k(3748692k free)

vm_info: OpenJDK 64-Bit Server VM (23.7-b01) for linux-amd64 JRE (1.7.0_25-b30), built on Oct 11 2013 18:04:12 by "buildd" with gcc 4.8.1

time: Tue Jan 21 17:31:33 2014
elapsed time: 0 seconds

