#
# A fatal error has been detected by the Java Runtime Environment:
#
#  Internal Error (javaClasses.cpp:129), pid=30938, tid=139826526492416
#  fatal error: Invalid layout of preloaded class
#
# JRE version: 7.0_25-b30
# Java VM: OpenJDK 64-Bit Server VM (23.7-b01 mixed mode linux-amd64 compressed oops)
# Failed to write core dump. Core dumps have been disabled. To enable core dumping, try "ulimit -c unlimited" before starting Java again
#
# If you would like to submit a bug report, please include
# instructions on how to reproduce the bug and visit:
#   https://bugs.launchpad.net/ubuntu/+source/openjdk-7/
#

---------------  T H R E A D  ---------------

Current thread (0x00007f2be0009800):  JavaThread "Unknown thread" [_thread_in_vm, id=30945, stack(0x00007f2be6611000,0x00007f2be6712000)]

Stack: [0x00007f2be6611000,0x00007f2be6712000],  sp=0x00007f2be6710940,  free space=1022k
Native frames: (J=compiled Java code, j=interpreted, Vv=VM code, C=native code)
V  [libjvm.so+0x87092b]  VMError::report_and_die()+0x16b
V  [libjvm.so+0x3edba4]  report_fatal(char const*, int, char const*)+0x54
V  [libjvm.so+0x52fc52]  compute_offset(int&, klassOopDesc*, Symbol*, Symbol*, bool) [clone .constprop.123]+0x102
V  [libjvm.so+0x5303d6]  java_lang_String::compute_offsets()+0x36
V  [libjvm.so+0x7fcc3a]  SystemDictionary::initialize_preloaded_classes(Thread*)+0xaa
V  [libjvm.so+0x848f18]  Universe::genesis(Thread*)+0x458
V  [libjvm.so+0x849524]  universe2_init()+0x24
V  [libjvm.so+0x4e566a]  init_globals()+0x9a
V  [libjvm.so+0x82d702]  Threads::create_vm(JavaVMInitArgs*, bool*)+0x3a2
V  [libjvm.so+0x54e7fd]  JNI_CreateJavaVM+0x4d
C  [libjli.so+0x2b18]  __strcat_chk+0x2b18


---------------  P R O C E S S  ---------------

Java Threads: ( => current thread )

Other Threads:

=>0x00007f2be0009800 (exited) JavaThread "Unknown thread" [_thread_in_vm, id=30945, stack(0x00007f2be6611000,0x00007f2be6712000)]

VM state:not at safepoint (not fully initialized)

VM Mutex/Monitor currently owned by a thread: None

GC Heap History (0 events):
No events

Deoptimization events (0 events):
No events

Internal exceptions (0 events):
No events

Events (10 events):
Event: 0.017 loading class 0x00007f2be002b430 done
Event: 0.017 loading class 0x00007f2be002acd0 done
Event: 0.017 loading class 0x00007f2be002aca0
Event: 0.017 loading class 0x00007f2be0055f30
Event: 0.018 loading class 0x00007f2be0055f30 done
Event: 0.018 loading class 0x00007f2be0055f70
Event: 0.018 loading class 0x00007f2be0055f70 done
Event: 0.018 loading class 0x00007f2be0055fb0
Event: 0.018 loading class 0x00007f2be0055fb0 done
Event: 0.018 loading class 0x00007f2be002aca0 done


Dynamic libraries:
00400000-00401000 r-xp 00000000 fc:00 30941004                           /usr/lib/jvm/java-7-openjdk-amd64/jre/bin/java
00600000-00601000 r--p 00000000 fc:00 30941004                           /usr/lib/jvm/java-7-openjdk-amd64/jre/bin/java
00601000-00602000 rw-p 00001000 fc:00 30941004                           /usr/lib/jvm/java-7-openjdk-amd64/jre/bin/java
01926000-01947000 rw-p 00000000 00:00 0                                  [heap]
b9e00000-bb2c0000 rw-p 00000000 00:00 0 
bb2c0000-c4400000 rw-p 00000000 00:00 0 
c4400000-c6be0000 rw-p 00000000 00:00 0 
c6be0000-ec160000 rw-p 00000000 00:00 0 
ec160000-ed540000 rw-p 00000000 00:00 0 
ed540000-100000000 rw-p 00000000 00:00 0 
7f2bc4000000-7f2bc4021000 rw-p 00000000 00:00 0 
7f2bc4021000-7f2bc8000000 ---p 00000000 00:00 0 
7f2bcc000000-7f2bcc021000 rw-p 00000000 00:00 0 
7f2bcc021000-7f2bd0000000 ---p 00000000 00:00 0 
7f2bd0000000-7f2bd0021000 rw-p 00000000 00:00 0 
7f2bd0021000-7f2bd4000000 ---p 00000000 00:00 0 
7f2bd4000000-7f2bd4021000 rw-p 00000000 00:00 0 
7f2bd4021000-7f2bd8000000 ---p 00000000 00:00 0 
7f2bd8ccc000-7f2bd8efb000 rw-p 00000000 00:00 0 
7f2bd8efb000-7f2bd8fc1000 r--s 0116f000 fc:00 18750326                   /home/itogui/Desktop/adt-bundle-linux-x86_64-20131030/sdk/platforms/android-17/android.jar
7f2bd8fc1000-7f2bdbbbd000 rw-p 00000000 00:00 0 
7f2bdbbbd000-7f2bdbbbe000 ---p 00000000 00:00 0 
7f2bdbbbe000-7f2bdbcbe000 rw-p 00000000 00:00 0                          [stack:30949]
7f2bdbcbe000-7f2bdbcbf000 ---p 00000000 00:00 0 
7f2bdbcbf000-7f2bdbdbf000 rw-p 00000000 00:00 0                          [stack:30948]
7f2bdbdbf000-7f2bdbdc0000 ---p 00000000 00:00 0 
7f2bdbdc0000-7f2bdbec0000 rw-p 00000000 00:00 0                          [stack:30947]
7f2bdbec0000-7f2bdbec1000 ---p 00000000 00:00 0 
7f2bdbec1000-7f2bdbfcc000 rw-p 00000000 00:00 0                          [stack:30946]
7f2bdbfcc000-7f2bdc014000 rw-p 00000000 00:00 0 
7f2bdc014000-7f2bdc028000 rw-p 00000000 00:00 0 
7f2bdc028000-7f2bdc153000 rw-p 00000000 00:00 0 
7f2bdc153000-7f2bdc15e000 rw-p 00000000 00:00 0 
7f2bdc15e000-7f2bdc1a6000 rw-p 00000000 00:00 0 
7f2bdc1a6000-7f2bdc1ba000 rw-p 00000000 00:00 0 
7f2bdc1ba000-7f2bdc2e4000 rw-p 00000000 00:00 0 
7f2bdc2e4000-7f2bdc2ef000 rw-p 00000000 00:00 0 
7f2bdc2ef000-7f2bdc384000 rw-p 00000000 00:00 0 
7f2bdc384000-7f2bdc385000 rw-p 00000000 00:00 0 
7f2bdc385000-7f2bdc5f5000 rwxp 00000000 00:00 0 
7f2bdc5f5000-7f2bdf385000 rw-p 00000000 00:00 0 
7f2bdf385000-7f2bdf38d000 r-xp 00000000 fc:00 30941000                   /usr/lib/jvm/java-7-openjdk-amd64/jre/lib/amd64/libzip.so
7f2bdf38d000-7f2bdf58c000 ---p 00008000 fc:00 30941000                   /usr/lib/jvm/java-7-openjdk-amd64/jre/lib/amd64/libzip.so
7f2bdf58c000-7f2bdf58d000 r--p 00007000 fc:00 30941000                   /usr/lib/jvm/java-7-openjdk-amd64/jre/lib/amd64/libzip.so
7f2bdf58d000-7f2bdf58e000 rw-p 00008000 fc:00 30941000                   /usr/lib/jvm/java-7-openjdk-amd64/jre/lib/amd64/libzip.so
7f2bdf58e000-7f2bdf59a000 r-xp 00000000 fc:00 12847485                   /lib/x86_64-linux-gnu/libnss_files-2.17.so
7f2bdf59a000-7f2bdf799000 ---p 0000c000 fc:00 12847485                   /lib/x86_64-linux-gnu/libnss_files-2.17.so
7f2bdf799000-7f2bdf79a000 r--p 0000b000 fc:00 12847485                   /lib/x86_64-linux-gnu/libnss_files-2.17.so
7f2bdf79a000-7f2bdf79b000 rw-p 0000c000 fc:00 12847485                   /lib/x86_64-linux-gnu/libnss_files-2.17.so
7f2bdf79b000-7f2bdf7a6000 r-xp 00000000 fc:00 12847483                   /lib/x86_64-linux-gnu/libnss_nis-2.17.so
7f2bdf7a6000-7f2bdf9a5000 ---p 0000b000 fc:00 12847483                   /lib/x86_64-linux-gnu/libnss_nis-2.17.so
7f2bdf9a5000-7f2bdf9a6000 r--p 0000a000 fc:00 12847483                   /lib/x86_64-linux-gnu/libnss_nis-2.17.so
7f2bdf9a6000-7f2bdf9a7000 rw-p 0000b000 fc:00 12847483                   /lib/x86_64-linux-gnu/libnss_nis-2.17.so
7f2bdf9a7000-7f2bdf9be000 r-xp 00000000 fc:00 12845868                   /lib/x86_64-linux-gnu/libnsl-2.17.so
7f2bdf9be000-7f2bdfbbd000 ---p 00017000 fc:00 12845868                   /lib/x86_64-linux-gnu/libnsl-2.17.so
7f2bdfbbd000-7f2bdfbbe000 r--p 00016000 fc:00 12845868                   /lib/x86_64-linux-gnu/libnsl-2.17.so
7f2bdfbbe000-7f2bdfbbf000 rw-p 00017000 fc:00 12845868                   /lib/x86_64-linux-gnu/libnsl-2.17.so
7f2bdfbbf000-7f2bdfbc1000 rw-p 00000000 00:00 0 
7f2bdfbc1000-7f2bdfbec000 r-xp 00000000 fc:00 30940956                   /usr/lib/jvm/java-7-openjdk-amd64/jre/lib/amd64/libjava.so
7f2bdfbec000-7f2bdfdeb000 ---p 0002b000 fc:00 30940956                   /usr/lib/jvm/java-7-openjdk-amd64/jre/lib/amd64/libjava.so
7f2bdfdeb000-7f2bdfdec000 r--p 0002a000 fc:00 30940956                   /usr/lib/jvm/java-7-openjdk-amd64/jre/lib/amd64/libjava.so
7f2bdfdec000-7f2bdfdee000 rw-p 0002b000 fc:00 30940956                   /usr/lib/jvm/java-7-openjdk-amd64/jre/lib/amd64/libjava.so
7f2bdfdee000-7f2bdfdfe000 r-xp 00000000 fc:00 30940952                   /usr/lib/jvm/java-7-openjdk-amd64/jre/lib/amd64/libverify.so
7f2bdfdfe000-7f2bdfffd000 ---p 00010000 fc:00 30940952                   /usr/lib/jvm/java-7-openjdk-amd64/jre/lib/amd64/libverify.so
7f2bdfffd000-7f2bdffff000 r--p 0000f000 fc:00 30940952                   /usr/lib/jvm/java-7-openjdk-amd64/jre/lib/amd64/libverify.so
7f2bdffff000-7f2be0000000 rw-p 00011000 fc:00 30940952                   /usr/lib/jvm/java-7-openjdk-amd64/jre/lib/amd64/libverify.so
7f2be0000000-7f2be0060000 rw-p 00000000 00:00 0 
7f2be0060000-7f2be4000000 ---p 00000000 00:00 0 
7f2be4005000-7f2be400d000 r-xp 00000000 fc:00 12847474                   /lib/x86_64-linux-gnu/libnss_compat-2.17.so
7f2be400d000-7f2be420c000 ---p 00008000 fc:00 12847474                   /lib/x86_64-linux-gnu/libnss_compat-2.17.so
7f2be420c000-7f2be420d000 r--p 00007000 fc:00 12847474                   /lib/x86_64-linux-gnu/libnss_compat-2.17.so
7f2be420d000-7f2be420e000 rw-p 00008000 fc:00 12847474                   /lib/x86_64-linux-gnu/libnss_compat-2.17.so
7f2be420e000-7f2be4215000 r-xp 00000000 fc:00 12847486                   /lib/x86_64-linux-gnu/librt-2.17.so
7f2be4215000-7f2be4414000 ---p 00007000 fc:00 12847486                   /lib/x86_64-linux-gnu/librt-2.17.so
7f2be4414000-7f2be4415000 r--p 00006000 fc:00 12847486                   /lib/x86_64-linux-gnu/librt-2.17.so
7f2be4415000-7f2be4416000 rw-p 00007000 fc:00 12847486                   /lib/x86_64-linux-gnu/librt-2.17.so
7f2be4416000-7f2be442b000 r-xp 00000000 fc:00 12846112                   /lib/x86_64-linux-gnu/libgcc_s.so.1
7f2be442b000-7f2be462a000 ---p 00015000 fc:00 12846112                   /lib/x86_64-linux-gnu/libgcc_s.so.1
7f2be462a000-7f2be462b000 r--p 00014000 fc:00 12846112                   /lib/x86_64-linux-gnu/libgcc_s.so.1
7f2be462b000-7f2be462c000 rw-p 00015000 fc:00 12846112                   /lib/x86_64-linux-gnu/libgcc_s.so.1
7f2be462c000-7f2be472f000 r-xp 00000000 fc:00 12847477                   /lib/x86_64-linux-gnu/libm-2.17.so
7f2be472f000-7f2be492e000 ---p 00103000 fc:00 12847477                   /lib/x86_64-linux-gnu/libm-2.17.so
7f2be492e000-7f2be492f000 r--p 00102000 fc:00 12847477                   /lib/x86_64-linux-gnu/libm-2.17.so
7f2be492f000-7f2be4930000 rw-p 00103000 fc:00 12847477                   /lib/x86_64-linux-gnu/libm-2.17.so
7f2be4930000-7f2be4a16000 r-xp 00000000 fc:00 30945947                   /usr/lib/x86_64-linux-gnu/libstdc++.so.6.0.18
7f2be4a16000-7f2be4c15000 ---p 000e6000 fc:00 30945947                   /usr/lib/x86_64-linux-gnu/libstdc++.so.6.0.18
7f2be4c15000-7f2be4c1d000 r--p 000e5000 fc:00 30945947                   /usr/lib/x86_64-linux-gnu/libstdc++.so.6.0.18
7f2be4c1d000-7f2be4c1f000 rw-p 000ed000 fc:00 30945947                   /usr/lib/x86_64-linux-gnu/libstdc++.so.6.0.18
7f2be4c1f000-7f2be4c34000 rw-p 00000000 00:00 0 
7f2be4c34000-7f2be5642000 r-xp 00000000 fc:00 30940964                   /usr/lib/jvm/java-7-openjdk-amd64/jre/lib/amd64/server/libjvm.so
7f2be5642000-7f2be5841000 ---p 00a0e000 fc:00 30940964                   /usr/lib/jvm/java-7-openjdk-amd64/jre/lib/amd64/server/libjvm.so
7f2be5841000-7f2be58ba000 r--p 00a0d000 fc:00 30940964                   /usr/lib/jvm/java-7-openjdk-amd64/jre/lib/amd64/server/libjvm.so
7f2be58ba000-7f2be58dd000 rw-p 00a86000 fc:00 30940964                   /usr/lib/jvm/java-7-openjdk-amd64/jre/lib/amd64/server/libjvm.so
7f2be58dd000-7f2be5908000 rw-p 00000000 00:00 0 
7f2be5908000-7f2be5920000 r-xp 00000000 fc:00 12846104                   /lib/x86_64-linux-gnu/libz.so.1.2.8
7f2be5920000-7f2be5b1f000 ---p 00018000 fc:00 12846104                   /lib/x86_64-linux-gnu/libz.so.1.2.8
7f2be5b1f000-7f2be5b20000 r--p 00017000 fc:00 12846104                   /lib/x86_64-linux-gnu/libz.so.1.2.8
7f2be5b20000-7f2be5b21000 rw-p 00018000 fc:00 12846104                   /lib/x86_64-linux-gnu/libz.so.1.2.8
7f2be5b21000-7f2be5b38000 r-xp 00000000 fc:00 12847493                   /lib/x86_64-linux-gnu/libpthread-2.17.so
7f2be5b38000-7f2be5d38000 ---p 00017000 fc:00 12847493                   /lib/x86_64-linux-gnu/libpthread-2.17.so
7f2be5d38000-7f2be5d39000 r--p 00017000 fc:00 12847493                   /lib/x86_64-linux-gnu/libpthread-2.17.so
7f2be5d39000-7f2be5d3a000 rw-p 00018000 fc:00 12847493                   /lib/x86_64-linux-gnu/libpthread-2.17.so
7f2be5d3a000-7f2be5d3e000 rw-p 00000000 00:00 0 
7f2be5d3e000-7f2be5d41000 r-xp 00000000 fc:00 12847492                   /lib/x86_64-linux-gnu/libdl-2.17.so
7f2be5d41000-7f2be5f40000 ---p 00003000 fc:00 12847492                   /lib/x86_64-linux-gnu/libdl-2.17.so
7f2be5f40000-7f2be5f41000 r--p 00002000 fc:00 12847492                   /lib/x86_64-linux-gnu/libdl-2.17.so
7f2be5f41000-7f2be5f42000 rw-p 00003000 fc:00 12847492                   /lib/x86_64-linux-gnu/libdl-2.17.so
7f2be5f42000-7f2be60ff000 r-xp 00000000 fc:00 12847491                   /lib/x86_64-linux-gnu/libc-2.17.so
7f2be60ff000-7f2be62ff000 ---p 001bd000 fc:00 12847491                   /lib/x86_64-linux-gnu/libc-2.17.so
7f2be62ff000-7f2be6303000 r--p 001bd000 fc:00 12847491                   /lib/x86_64-linux-gnu/libc-2.17.so
7f2be6303000-7f2be6305000 rw-p 001c1000 fc:00 12847491                   /lib/x86_64-linux-gnu/libc-2.17.so
7f2be6305000-7f2be630a000 rw-p 00000000 00:00 0 
7f2be630a000-7f2be6317000 r-xp 00000000 fc:00 30940770                   /usr/lib/jvm/java-7-openjdk-amd64/jre/lib/amd64/jli/libjli.so
7f2be6317000-7f2be6516000 ---p 0000d000 fc:00 30940770                   /usr/lib/jvm/java-7-openjdk-amd64/jre/lib/amd64/jli/libjli.so
7f2be6516000-7f2be6517000 r--p 0000c000 fc:00 30940770                   /usr/lib/jvm/java-7-openjdk-amd64/jre/lib/amd64/jli/libjli.so
7f2be6517000-7f2be6518000 rw-p 0000d000 fc:00 30940770                   /usr/lib/jvm/java-7-openjdk-amd64/jre/lib/amd64/jli/libjli.so
7f2be6518000-7f2be653b000 r-xp 00000000 fc:00 12847480                   /lib/x86_64-linux-gnu/ld-2.17.so
7f2be6551000-7f2be655b000 rw-p 00000000 00:00 0 
7f2be655b000-7f2be6611000 rw-p 00000000 00:00 0 
7f2be6611000-7f2be6614000 ---p 00000000 00:00 0 
7f2be6614000-7f2be6717000 rw-p 00000000 00:00 0                          [stack:30945]
7f2be672c000-7f2be672e000 rw-p 00000000 00:00 0 
7f2be672e000-7f2be6736000 rw-s 00000000 fc:00 13898507                   /tmp/hsperfdata_itogui/30938
7f2be6736000-7f2be6737000 rw-p 00000000 00:00 0 
7f2be6737000-7f2be6738000 r--p 00000000 00:00 0 
7f2be6738000-7f2be673a000 rw-p 00000000 00:00 0 
7f2be673a000-7f2be673b000 r--p 00022000 fc:00 12847480                   /lib/x86_64-linux-gnu/ld-2.17.so
7f2be673b000-7f2be673d000 rw-p 00023000 fc:00 12847480                   /lib/x86_64-linux-gnu/ld-2.17.so
7fff8f595000-7fff8f5b6000 rw-p 00000000 00:00 0                          [stack]
7fff8f5fe000-7fff8f600000 r-xp 00000000 00:00 0                          [vdso]
ffffffffff600000-ffffffffff601000 r-xp 00000000 00:00 0                  [vsyscall]

VM Arguments:
jvm_args: -Dfile.encoding=UTF-8 -Xbootclasspath:/home/itogui/Desktop/adt-bundle-linux-x86_64-20131030/sdk/platforms/android-17/android.jar 
java_command: core.Tools
Launcher Type: SUN_STANDARD

Environment Variables:
PATH=/usr/lib/lightdm/lightdm:/usr/local/sbin:/usr/local/bin:/usr/sbin:/usr/bin:/sbin:/bin:/usr/games:/usr/local/games
SHELL=/bin/bash
DISPLAY=:0

Signal Handlers:
SIGSEGV: [libjvm.so+0x871410], sa_mask[0]=0x7ffbfeff, sa_flags=0x10000004
SIGBUS: [libjvm.so+0x871410], sa_mask[0]=0x7ffbfeff, sa_flags=0x10000004
SIGFPE: [libjvm.so+0x709540], sa_mask[0]=0x7ffbfeff, sa_flags=0x10000004
SIGPIPE: [libjvm.so+0x709540], sa_mask[0]=0x7ffbfeff, sa_flags=0x10000004
SIGXFSZ: [libjvm.so+0x709540], sa_mask[0]=0x7ffbfeff, sa_flags=0x10000004
SIGILL: [libjvm.so+0x709540], sa_mask[0]=0x7ffbfeff, sa_flags=0x10000004
SIGUSR1: SIG_DFL, sa_mask[0]=0x00000000, sa_flags=0x00000000
SIGUSR2: [libjvm.so+0x709270], sa_mask[0]=0x00000004, sa_flags=0x10000004
SIGHUP: SIG_DFL, sa_mask[0]=0x00000000, sa_flags=0x00000000
SIGINT: SIG_DFL, sa_mask[0]=0x00000000, sa_flags=0x00000000
SIGTERM: SIG_DFL, sa_mask[0]=0x00000000, sa_flags=0x00000000
SIGQUIT: SIG_DFL, sa_mask[0]=0x00000000, sa_flags=0x00000000


---------------  S Y S T E M  ---------------

OS:Ubuntu 13.10 (saucy)
uname:Linux 3.11.0-15-generic #23-Ubuntu SMP Mon Dec 9 18:17:04 UTC 2013 x86_64
libc:glibc 2.17 NPTL 2.17 
rlimit: STACK 8192k, CORE 0k, NPROC 29900, NOFILE 4096, AS infinity
load average:1.81 1.23 0.91

/proc/meminfo:
MemTotal:        3914536 kB
MemFree:          426256 kB
Buffers:           32412 kB
Cached:           725428 kB
SwapCached:        49476 kB
Active:          2161132 kB
Inactive:        1043272 kB
Active(anon):    2013496 kB
Inactive(anon):   769956 kB
Active(file):     147636 kB
Inactive(file):   273316 kB
Unevictable:         128 kB
Mlocked:             128 kB
SwapTotal:       4059132 kB
SwapFree:        3748576 kB
Dirty:               856 kB
Writeback:             0 kB
AnonPages:       2409940 kB
Mapped:           197756 kB
Shmem:            336888 kB
Slab:             135812 kB
SReclaimable:      96272 kB
SUnreclaim:        39540 kB
KernelStack:        5272 kB
PageTables:        56696 kB
NFS_Unstable:          0 kB
Bounce:                0 kB
WritebackTmp:          0 kB
CommitLimit:     6016400 kB
Committed_AS:    6636744 kB
VmallocTotal:   34359738367 kB
VmallocUsed:      839688 kB
VmallocChunk:   34358841308 kB
HardwareCorrupted:     0 kB
AnonHugePages:         0 kB
HugePages_Total:       0
HugePages_Free:        0
HugePages_Rsvd:        0
HugePages_Surp:        0
Hugepagesize:       2048 kB
DirectMap4k:       95996 kB
DirectMap2M:     3971072 kB


CPU:total 4 (2 cores per cpu, 2 threads per core) family 6 model 58 stepping 9, cmov, cx8, fxsr, mmx, sse, sse2, sse3, ssse3, sse4.1, sse4.2, popcnt, avx, ht, tsc, tscinvbit, tscinv

/proc/cpuinfo:
processor	: 0
vendor_id	: GenuineIntel
cpu family	: 6
model		: 58
model name	: Intel(R) Core(TM) i5-3337U CPU @ 1.80GHz
stepping	: 9
microcode	: 0x15
cpu MHz		: 1795.932
cache size	: 3072 KB
physical id	: 0
siblings	: 4
core id		: 0
cpu cores	: 2
apicid		: 0
initial apicid	: 0
fpu		: yes
fpu_exception	: yes
cpuid level	: 13
wp		: yes
flags		: fpu vme de pse tsc msr pae mce cx8 apic sep mtrr pge mca cmov pat pse36 clflush dts acpi mmx fxsr sse sse2 ss ht tm pbe syscall nx rdtscp lm constant_tsc arch_perfmon pebs bts rep_good nopl xtopology nonstop_tsc aperfmperf eagerfpu pni pclmulqdq dtes64 monitor ds_cpl vmx est tm2 ssse3 cx16 xtpr pdcm pcid sse4_1 sse4_2 x2apic popcnt tsc_deadline_timer aes xsave avx f16c rdrand lahf_lm arat epb xsaveopt pln pts dtherm tpr_shadow vnmi flexpriority ept vpid fsgsbase smep erms
bogomips	: 3591.86
clflush size	: 64
cache_alignment	: 64
address sizes	: 36 bits physical, 48 bits virtual
power management:

processor	: 1
vendor_id	: GenuineIntel
cpu family	: 6
model		: 58
model name	: Intel(R) Core(TM) i5-3337U CPU @ 1.80GHz
stepping	: 9
microcode	: 0x15
cpu MHz		: 1795.932
cache size	: 3072 KB
physical id	: 0
siblings	: 4
core id		: 0
cpu cores	: 2
apicid		: 1
initial apicid	: 1
fpu		: yes
fpu_exception	: yes
cpuid level	: 13
wp		: yes
flags		: fpu vme de pse tsc msr pae mce cx8 apic sep mtrr pge mca cmov pat pse36 clflush dts acpi mmx fxsr sse sse2 ss ht tm pbe syscall nx rdtscp lm constant_tsc arch_perfmon pebs bts rep_good nopl xtopology nonstop_tsc aperfmperf eagerfpu pni pclmulqdq dtes64 monitor ds_cpl vmx est tm2 ssse3 cx16 xtpr pdcm pcid sse4_1 sse4_2 x2apic popcnt tsc_deadline_timer aes xsave avx f16c rdrand lahf_lm arat epb xsaveopt pln pts dtherm tpr_shadow vnmi flexpriority ept vpid fsgsbase smep erms
bogomips	: 3591.86
clflush size	: 64
cache_alignment	: 64
address sizes	: 36 bits physical, 48 bits virtual
power management:

processor	: 2
vendor_id	: GenuineIntel
cpu family	: 6
model		: 58
model name	: Intel(R) Core(TM) i5-3337U CPU @ 1.80GHz
stepping	: 9
microcode	: 0x15
cpu MHz		: 1795.932
cache size	: 3072 KB
physical id	: 0
siblings	: 4
core id		: 1
cpu cores	: 2
apicid		: 2
initial apicid	: 2
fpu		: yes
fpu_exception	: yes
cpuid level	: 13
wp		: yes
flags		: fpu vme de pse tsc msr pae mce cx8 apic sep mtrr pge mca cmov pat pse36 clflush dts acpi mmx fxsr sse sse2 ss ht tm pbe syscall nx rdtscp lm constant_tsc arch_perfmon pebs bts rep_good nopl xtopology nonstop_tsc aperfmperf eagerfpu pni pclmulqdq dtes64 monitor ds_cpl vmx est tm2 ssse3 cx16 xtpr pdcm pcid sse4_1 sse4_2 x2apic popcnt tsc_deadline_timer aes xsave avx f16c rdrand lahf_lm arat epb xsaveopt pln pts dtherm tpr_shadow vnmi flexpriority ept vpid fsgsbase smep erms
bogomips	: 3591.86
clflush size	: 64
cache_alignment	: 64
address sizes	: 36 bits physical, 48 bits virtual
power management:

processor	: 3
vendor_id	: GenuineIntel
cpu family	: 6
model		: 58
model name	: Intel(R) Core(TM) i5-3337U CPU @ 1.80GHz
stepping	: 9
microcode	: 0x15
cpu MHz		: 1795.932
cache size	: 3072 KB
physical id	: 0
siblings	: 4
core id		: 1
cpu cores	: 2
apicid		: 3
initial apicid	: 3
fpu		: yes
fpu_exception	: yes
cpuid level	: 13
wp		: yes
flags		: fpu vme de pse tsc msr pae mce cx8 apic sep mtrr pge mca cmov pat pse36 clflush dts acpi mmx fxsr sse sse2 ss ht tm pbe syscall nx rdtscp lm constant_tsc arch_perfmon pebs bts rep_good nopl xtopology nonstop_tsc aperfmperf eagerfpu pni pclmulqdq dtes64 monitor ds_cpl vmx est tm2 ssse3 cx16 xtpr pdcm pcid sse4_1 sse4_2 x2apic popcnt tsc_deadline_timer aes xsave avx f16c rdrand lahf_lm arat epb xsaveopt pln pts dtherm tpr_shadow vnmi flexpriority ept vpid fsgsbase smep erms
bogomips	: 3591.86
clflush size	: 64
cache_alignment	: 64
address sizes	: 36 bits physical, 48 bits virtual
power management:



Memory: 4k page, physical 3914536k(426256k free), swap 4059132k(3748576k free)

vm_info: OpenJDK 64-Bit Server VM (23.7-b01) for linux-amd64 JRE (1.7.0_25-b30), built on Oct 11 2013 18:04:12 by "buildd" with gcc 4.8.1

time: Tue Jan 21 17:30:58 2014
elapsed time: 0 seconds

