#
# A fatal error has been detected by the Java Runtime Environment:
#
#  Internal Error (javaClasses.cpp:129), pid=30919, tid=140250368120576
#  fatal error: Invalid layout of preloaded class
#
# JRE version: 7.0_25-b30
# Java VM: OpenJDK 64-Bit Server VM (23.7-b01 mixed mode linux-amd64 compressed oops)
# Failed to write core dump. Core dumps have been disabled. To enable core dumping, try "ulimit -c unlimited" before starting Java again
#
# If you would like to submit a bug report, please include
# instructions on how to reproduce the bug and visit:
#   https://bugs.launchpad.net/ubuntu/+source/openjdk-7/
#

---------------  T H R E A D  ---------------

Current thread (0x00007f8e8c009800):  JavaThread "Unknown thread" [_thread_in_vm, id=30927, stack(0x00007f8e954f1000,0x00007f8e955f2000)]

Stack: [0x00007f8e954f1000,0x00007f8e955f2000],  sp=0x00007f8e955f0940,  free space=1022k
Native frames: (J=compiled Java code, j=interpreted, Vv=VM code, C=native code)
V  [libjvm.so+0x87092b]  VMError::report_and_die()+0x16b
V  [libjvm.so+0x3edba4]  report_fatal(char const*, int, char const*)+0x54
V  [libjvm.so+0x52fc52]  compute_offset(int&, klassOopDesc*, Symbol*, Symbol*, bool) [clone .constprop.123]+0x102
V  [libjvm.so+0x5303d6]  java_lang_String::compute_offsets()+0x36
V  [libjvm.so+0x7fcc3a]  SystemDictionary::initialize_preloaded_classes(Thread*)+0xaa
V  [libjvm.so+0x848f18]  Universe::genesis(Thread*)+0x458
V  [libjvm.so+0x849524]  universe2_init()+0x24
V  [libjvm.so+0x4e566a]  init_globals()+0x9a
V  [libjvm.so+0x82d702]  Threads::create_vm(JavaVMInitArgs*, bool*)+0x3a2
V  [libjvm.so+0x54e7fd]  JNI_CreateJavaVM+0x4d
C  [libjli.so+0x2b18]  __strcat_chk+0x2b18


---------------  P R O C E S S  ---------------

Java Threads: ( => current thread )

Other Threads:

=>0x00007f8e8c009800 (exited) JavaThread "Unknown thread" [_thread_in_vm, id=30927, stack(0x00007f8e954f1000,0x00007f8e955f2000)]

VM state:not at safepoint (not fully initialized)

VM Mutex/Monitor currently owned by a thread: None

GC Heap History (0 events):
No events

Deoptimization events (0 events):
No events

Internal exceptions (0 events):
No events

Events (10 events):
Event: 0.016 loading class 0x00007f8e8c02b430 done
Event: 0.017 loading class 0x00007f8e8c02acd0 done
Event: 0.017 loading class 0x00007f8e8c02aca0
Event: 0.017 loading class 0x00007f8e8c055f30
Event: 0.017 loading class 0x00007f8e8c055f30 done
Event: 0.017 loading class 0x00007f8e8c055f70
Event: 0.017 loading class 0x00007f8e8c055f70 done
Event: 0.017 loading class 0x00007f8e8c055fb0
Event: 0.017 loading class 0x00007f8e8c055fb0 done
Event: 0.017 loading class 0x00007f8e8c02aca0 done


Dynamic libraries:
00400000-00401000 r-xp 00000000 fc:00 30941004                           /usr/lib/jvm/java-7-openjdk-amd64/jre/bin/java
00600000-00601000 r--p 00000000 fc:00 30941004                           /usr/lib/jvm/java-7-openjdk-amd64/jre/bin/java
00601000-00602000 rw-p 00001000 fc:00 30941004                           /usr/lib/jvm/java-7-openjdk-amd64/jre/bin/java
0063e000-0065f000 rw-p 00000000 00:00 0                                  [heap]
b9e00000-bb2c0000 rw-p 00000000 00:00 0 
bb2c0000-c4400000 rw-p 00000000 00:00 0 
c4400000-c6be0000 rw-p 00000000 00:00 0 
c6be0000-ec160000 rw-p 00000000 00:00 0 
ec160000-ed540000 rw-p 00000000 00:00 0 
ed540000-100000000 rw-p 00000000 00:00 0 
7f8e75cf0000-7f8e78000000 rw-p 00000000 00:00 0 
7f8e78000000-7f8e78021000 rw-p 00000000 00:00 0 
7f8e78021000-7f8e7c000000 ---p 00000000 00:00 0 
7f8e7c000000-7f8e7c021000 rw-p 00000000 00:00 0 
7f8e7c021000-7f8e80000000 ---p 00000000 00:00 0 
7f8e80000000-7f8e80021000 rw-p 00000000 00:00 0 
7f8e80021000-7f8e84000000 ---p 00000000 00:00 0 
7f8e84000000-7f8e84021000 rw-p 00000000 00:00 0 
7f8e84021000-7f8e88000000 ---p 00000000 00:00 0 
7f8e89000000-7f8e89270000 rwxp 00000000 00:00 0 
7f8e89270000-7f8e8c060000 rw-p 00000000 00:00 0 
7f8e8c060000-7f8e90000000 ---p 00000000 00:00 0 
7f8e90ec1000-7f8e910f0000 rw-p 00000000 00:00 0 
7f8e910f0000-7f8e911b6000 r--s 0116f000 fc:00 18750326                   /home/itogui/Desktop/adt-bundle-linux-x86_64-20131030/sdk/platforms/android-17/android.jar
7f8e911b6000-7f8e91aa2000 rw-p 00000000 00:00 0 
7f8e91aa2000-7f8e91aa3000 ---p 00000000 00:00 0 
7f8e91aa3000-7f8e91ba3000 rw-p 00000000 00:00 0                          [stack:30931]
7f8e91ba3000-7f8e91ba4000 ---p 00000000 00:00 0 
7f8e91ba4000-7f8e91ca4000 rw-p 00000000 00:00 0                          [stack:30930]
7f8e91ca4000-7f8e91ca5000 ---p 00000000 00:00 0 
7f8e91ca5000-7f8e91da5000 rw-p 00000000 00:00 0                          [stack:30929]
7f8e91da5000-7f8e91da6000 ---p 00000000 00:00 0 
7f8e91da6000-7f8e91eb1000 rw-p 00000000 00:00 0                          [stack:30928]
7f8e91eb1000-7f8e91ef9000 rw-p 00000000 00:00 0 
7f8e91ef9000-7f8e91f0d000 rw-p 00000000 00:00 0 
7f8e91f0d000-7f8e92038000 rw-p 00000000 00:00 0 
7f8e92038000-7f8e92043000 rw-p 00000000 00:00 0 
7f8e92043000-7f8e9208b000 rw-p 00000000 00:00 0 
7f8e9208b000-7f8e9209f000 rw-p 00000000 00:00 0 
7f8e9209f000-7f8e921c9000 rw-p 00000000 00:00 0 
7f8e921c9000-7f8e921d4000 rw-p 00000000 00:00 0 
7f8e921d4000-7f8e92269000 rw-p 00000000 00:00 0 
7f8e92269000-7f8e9226a000 rw-p 00000000 00:00 0 
7f8e9226a000-7f8e92272000 r-xp 00000000 fc:00 30941000                   /usr/lib/jvm/java-7-openjdk-amd64/jre/lib/amd64/libzip.so
7f8e92272000-7f8e92471000 ---p 00008000 fc:00 30941000                   /usr/lib/jvm/java-7-openjdk-amd64/jre/lib/amd64/libzip.so
7f8e92471000-7f8e92472000 r--p 00007000 fc:00 30941000                   /usr/lib/jvm/java-7-openjdk-amd64/jre/lib/amd64/libzip.so
7f8e92472000-7f8e92473000 rw-p 00008000 fc:00 30941000                   /usr/lib/jvm/java-7-openjdk-amd64/jre/lib/amd64/libzip.so
7f8e92473000-7f8e9247f000 r-xp 00000000 fc:00 12847485                   /lib/x86_64-linux-gnu/libnss_files-2.17.so
7f8e9247f000-7f8e9267e000 ---p 0000c000 fc:00 12847485                   /lib/x86_64-linux-gnu/libnss_files-2.17.so
7f8e9267e000-7f8e9267f000 r--p 0000b000 fc:00 12847485                   /lib/x86_64-linux-gnu/libnss_files-2.17.so
7f8e9267f000-7f8e92680000 rw-p 0000c000 fc:00 12847485                   /lib/x86_64-linux-gnu/libnss_files-2.17.so
7f8e92680000-7f8e9268b000 r-xp 00000000 fc:00 12847483                   /lib/x86_64-linux-gnu/libnss_nis-2.17.so
7f8e9268b000-7f8e9288a000 ---p 0000b000 fc:00 12847483                   /lib/x86_64-linux-gnu/libnss_nis-2.17.so
7f8e9288a000-7f8e9288b000 r--p 0000a000 fc:00 12847483                   /lib/x86_64-linux-gnu/libnss_nis-2.17.so
7f8e9288b000-7f8e9288c000 rw-p 0000b000 fc:00 12847483                   /lib/x86_64-linux-gnu/libnss_nis-2.17.so
7f8e9288c000-7f8e928a3000 r-xp 00000000 fc:00 12845868                   /lib/x86_64-linux-gnu/libnsl-2.17.so
7f8e928a3000-7f8e92aa2000 ---p 00017000 fc:00 12845868                   /lib/x86_64-linux-gnu/libnsl-2.17.so
7f8e92aa2000-7f8e92aa3000 r--p 00016000 fc:00 12845868                   /lib/x86_64-linux-gnu/libnsl-2.17.so
7f8e92aa3000-7f8e92aa4000 rw-p 00017000 fc:00 12845868                   /lib/x86_64-linux-gnu/libnsl-2.17.so
7f8e92aa4000-7f8e92aa6000 rw-p 00000000 00:00 0 
7f8e92aa6000-7f8e92aae000 r-xp 00000000 fc:00 12847474                   /lib/x86_64-linux-gnu/libnss_compat-2.17.so
7f8e92aae000-7f8e92cad000 ---p 00008000 fc:00 12847474                   /lib/x86_64-linux-gnu/libnss_compat-2.17.so
7f8e92cad000-7f8e92cae000 r--p 00007000 fc:00 12847474                   /lib/x86_64-linux-gnu/libnss_compat-2.17.so
7f8e92cae000-7f8e92caf000 rw-p 00008000 fc:00 12847474                   /lib/x86_64-linux-gnu/libnss_compat-2.17.so
7f8e92caf000-7f8e92cda000 r-xp 00000000 fc:00 30940956                   /usr/lib/jvm/java-7-openjdk-amd64/jre/lib/amd64/libjava.so
7f8e92cda000-7f8e92ed9000 ---p 0002b000 fc:00 30940956                   /usr/lib/jvm/java-7-openjdk-amd64/jre/lib/amd64/libjava.so
7f8e92ed9000-7f8e92eda000 r--p 0002a000 fc:00 30940956                   /usr/lib/jvm/java-7-openjdk-amd64/jre/lib/amd64/libjava.so
7f8e92eda000-7f8e92edc000 rw-p 0002b000 fc:00 30940956                   /usr/lib/jvm/java-7-openjdk-amd64/jre/lib/amd64/libjava.so
7f8e92edc000-7f8e92eec000 r-xp 00000000 fc:00 30940952                   /usr/lib/jvm/java-7-openjdk-amd64/jre/lib/amd64/libverify.so
7f8e92eec000-7f8e930eb000 ---p 00010000 fc:00 30940952                   /usr/lib/jvm/java-7-openjdk-amd64/jre/lib/amd64/libverify.so
7f8e930eb000-7f8e930ed000 r--p 0000f000 fc:00 30940952                   /usr/lib/jvm/java-7-openjdk-amd64/jre/lib/amd64/libverify.so
7f8e930ed000-7f8e930ee000 rw-p 00011000 fc:00 30940952                   /usr/lib/jvm/java-7-openjdk-amd64/jre/lib/amd64/libverify.so
7f8e930ee000-7f8e930f5000 r-xp 00000000 fc:00 12847486                   /lib/x86_64-linux-gnu/librt-2.17.so
7f8e930f5000-7f8e932f4000 ---p 00007000 fc:00 12847486                   /lib/x86_64-linux-gnu/librt-2.17.so
7f8e932f4000-7f8e932f5000 r--p 00006000 fc:00 12847486                   /lib/x86_64-linux-gnu/librt-2.17.so
7f8e932f5000-7f8e932f6000 rw-p 00007000 fc:00 12847486                   /lib/x86_64-linux-gnu/librt-2.17.so
7f8e932f6000-7f8e9330b000 r-xp 00000000 fc:00 12846112                   /lib/x86_64-linux-gnu/libgcc_s.so.1
7f8e9330b000-7f8e9350a000 ---p 00015000 fc:00 12846112                   /lib/x86_64-linux-gnu/libgcc_s.so.1
7f8e9350a000-7f8e9350b000 r--p 00014000 fc:00 12846112                   /lib/x86_64-linux-gnu/libgcc_s.so.1
7f8e9350b000-7f8e9350c000 rw-p 00015000 fc:00 12846112                   /lib/x86_64-linux-gnu/libgcc_s.so.1
7f8e9350c000-7f8e9360f000 r-xp 00000000 fc:00 12847477                   /lib/x86_64-linux-gnu/libm-2.17.so
7f8e9360f000-7f8e9380e000 ---p 00103000 fc:00 12847477                   /lib/x86_64-linux-gnu/libm-2.17.so
7f8e9380e000-7f8e9380f000 r--p 00102000 fc:00 12847477                   /lib/x86_64-linux-gnu/libm-2.17.so
7f8e9380f000-7f8e93810000 rw-p 00103000 fc:00 12847477                   /lib/x86_64-linux-gnu/libm-2.17.so
7f8e93810000-7f8e938f6000 r-xp 00000000 fc:00 30945947                   /usr/lib/x86_64-linux-gnu/libstdc++.so.6.0.18
7f8e938f6000-7f8e93af5000 ---p 000e6000 fc:00 30945947                   /usr/lib/x86_64-linux-gnu/libstdc++.so.6.0.18
7f8e93af5000-7f8e93afd000 r--p 000e5000 fc:00 30945947                   /usr/lib/x86_64-linux-gnu/libstdc++.so.6.0.18
7f8e93afd000-7f8e93aff000 rw-p 000ed000 fc:00 30945947                   /usr/lib/x86_64-linux-gnu/libstdc++.so.6.0.18
7f8e93aff000-7f8e93b14000 rw-p 00000000 00:00 0 
7f8e93b14000-7f8e94522000 r-xp 00000000 fc:00 30940964                   /usr/lib/jvm/java-7-openjdk-amd64/jre/lib/amd64/server/libjvm.so
7f8e94522000-7f8e94721000 ---p 00a0e000 fc:00 30940964                   /usr/lib/jvm/java-7-openjdk-amd64/jre/lib/amd64/server/libjvm.so
7f8e94721000-7f8e9479a000 r--p 00a0d000 fc:00 30940964                   /usr/lib/jvm/java-7-openjdk-amd64/jre/lib/amd64/server/libjvm.so
7f8e9479a000-7f8e947bd000 rw-p 00a86000 fc:00 30940964                   /usr/lib/jvm/java-7-openjdk-amd64/jre/lib/amd64/server/libjvm.so
7f8e947bd000-7f8e947e8000 rw-p 00000000 00:00 0 
7f8e947e8000-7f8e94800000 r-xp 00000000 fc:00 12846104                   /lib/x86_64-linux-gnu/libz.so.1.2.8
7f8e94800000-7f8e949ff000 ---p 00018000 fc:00 12846104                   /lib/x86_64-linux-gnu/libz.so.1.2.8
7f8e949ff000-7f8e94a00000 r--p 00017000 fc:00 12846104                   /lib/x86_64-linux-gnu/libz.so.1.2.8
7f8e94a00000-7f8e94a01000 rw-p 00018000 fc:00 12846104                   /lib/x86_64-linux-gnu/libz.so.1.2.8
7f8e94a01000-7f8e94a18000 r-xp 00000000 fc:00 12847493                   /lib/x86_64-linux-gnu/libpthread-2.17.so
7f8e94a18000-7f8e94c18000 ---p 00017000 fc:00 12847493                   /lib/x86_64-linux-gnu/libpthread-2.17.so
7f8e94c18000-7f8e94c19000 r--p 00017000 fc:00 12847493                   /lib/x86_64-linux-gnu/libpthread-2.17.so
7f8e94c19000-7f8e94c1a000 rw-p 00018000 fc:00 12847493                   /lib/x86_64-linux-gnu/libpthread-2.17.so
7f8e94c1a000-7f8e94c1e000 rw-p 00000000 00:00 0 
7f8e94c1e000-7f8e94c21000 r-xp 00000000 fc:00 12847492                   /lib/x86_64-linux-gnu/libdl-2.17.so
7f8e94c21000-7f8e94e20000 ---p 00003000 fc:00 12847492                   /lib/x86_64-linux-gnu/libdl-2.17.so
7f8e94e20000-7f8e94e21000 r--p 00002000 fc:00 12847492                   /lib/x86_64-linux-gnu/libdl-2.17.so
7f8e94e21000-7f8e94e22000 rw-p 00003000 fc:00 12847492                   /lib/x86_64-linux-gnu/libdl-2.17.so
7f8e94e22000-7f8e94fdf000 r-xp 00000000 fc:00 12847491                   /lib/x86_64-linux-gnu/libc-2.17.so
7f8e94fdf000-7f8e951df000 ---p 001bd000 fc:00 12847491                   /lib/x86_64-linux-gnu/libc-2.17.so
7f8e951df000-7f8e951e3000 r--p 001bd000 fc:00 12847491                   /lib/x86_64-linux-gnu/libc-2.17.so
7f8e951e3000-7f8e951e5000 rw-p 001c1000 fc:00 12847491                   /lib/x86_64-linux-gnu/libc-2.17.so
7f8e951e5000-7f8e951ea000 rw-p 00000000 00:00 0 
7f8e951ea000-7f8e951f7000 r-xp 00000000 fc:00 30940770                   /usr/lib/jvm/java-7-openjdk-amd64/jre/lib/amd64/jli/libjli.so
7f8e951f7000-7f8e953f6000 ---p 0000d000 fc:00 30940770                   /usr/lib/jvm/java-7-openjdk-amd64/jre/lib/amd64/jli/libjli.so
7f8e953f6000-7f8e953f7000 r--p 0000c000 fc:00 30940770                   /usr/lib/jvm/java-7-openjdk-amd64/jre/lib/amd64/jli/libjli.so
7f8e953f7000-7f8e953f8000 rw-p 0000d000 fc:00 30940770                   /usr/lib/jvm/java-7-openjdk-amd64/jre/lib/amd64/jli/libjli.so
7f8e953f8000-7f8e9541b000 r-xp 00000000 fc:00 12847480                   /lib/x86_64-linux-gnu/ld-2.17.so
7f8e95431000-7f8e9543b000 rw-p 00000000 00:00 0 
7f8e9543b000-7f8e954f1000 rw-p 00000000 00:00 0 
7f8e954f1000-7f8e954f4000 ---p 00000000 00:00 0 
7f8e954f4000-7f8e955f7000 rw-p 00000000 00:00 0                          [stack:30927]
7f8e9560c000-7f8e9560e000 rw-p 00000000 00:00 0 
7f8e9560e000-7f8e95616000 rw-s 00000000 fc:00 13898506                   /tmp/hsperfdata_itogui/30919
7f8e95616000-7f8e95617000 rw-p 00000000 00:00 0 
7f8e95617000-7f8e95618000 r--p 00000000 00:00 0 
7f8e95618000-7f8e9561a000 rw-p 00000000 00:00 0 
7f8e9561a000-7f8e9561b000 r--p 00022000 fc:00 12847480                   /lib/x86_64-linux-gnu/ld-2.17.so
7f8e9561b000-7f8e9561d000 rw-p 00023000 fc:00 12847480                   /lib/x86_64-linux-gnu/ld-2.17.so
7fffa5729000-7fffa574a000 rw-p 00000000 00:00 0                          [stack]
7fffa574d000-7fffa574f000 r-xp 00000000 00:00 0                          [vdso]
ffffffffff600000-ffffffffff601000 r-xp 00000000 00:00 0                  [vsyscall]

VM Arguments:
jvm_args: -Dfile.encoding=UTF-8 -Xbootclasspath:/home/itogui/Desktop/adt-bundle-linux-x86_64-20131030/sdk/platforms/android-17/android.jar 
java_command: core.Tools
Launcher Type: SUN_STANDARD

Environment Variables:
PATH=/usr/lib/lightdm/lightdm:/usr/local/sbin:/usr/local/bin:/usr/sbin:/usr/bin:/sbin:/bin:/usr/games:/usr/local/games
SHELL=/bin/bash
DISPLAY=:0

Signal Handlers:
SIGSEGV: [libjvm.so+0x871410], sa_mask[0]=0x7ffbfeff, sa_flags=0x10000004
SIGBUS: [libjvm.so+0x871410], sa_mask[0]=0x7ffbfeff, sa_flags=0x10000004
SIGFPE: [libjvm.so+0x709540], sa_mask[0]=0x7ffbfeff, sa_flags=0x10000004
SIGPIPE: [libjvm.so+0x709540], sa_mask[0]=0x7ffbfeff, sa_flags=0x10000004
SIGXFSZ: [libjvm.so+0x709540], sa_mask[0]=0x7ffbfeff, sa_flags=0x10000004
SIGILL: [libjvm.so+0x709540], sa_mask[0]=0x7ffbfeff, sa_flags=0x10000004
SIGUSR1: SIG_DFL, sa_mask[0]=0x00000000, sa_flags=0x00000000
SIGUSR2: [libjvm.so+0x709270], sa_mask[0]=0x00000004, sa_flags=0x10000004
SIGHUP: SIG_DFL, sa_mask[0]=0x00000000, sa_flags=0x00000000
SIGINT: SIG_DFL, sa_mask[0]=0x00000000, sa_flags=0x00000000
SIGTERM: SIG_DFL, sa_mask[0]=0x00000000, sa_flags=0x00000000
SIGQUIT: SIG_DFL, sa_mask[0]=0x00000000, sa_flags=0x00000000


---------------  S Y S T E M  ---------------

OS:Ubuntu 13.10 (saucy)
uname:Linux 3.11.0-15-generic #23-Ubuntu SMP Mon Dec 9 18:17:04 UTC 2013 x86_64
libc:glibc 2.17 NPTL 2.17 
rlimit: STACK 8192k, CORE 0k, NPROC 29900, NOFILE 4096, AS infinity
load average:0.95 1.05 0.85

/proc/meminfo:
MemTotal:        3914536 kB
MemFree:          448516 kB
Buffers:           32404 kB
Cached:           721856 kB
SwapCached:        49464 kB
Active:          2145488 kB
Inactive:        1038568 kB
Active(anon):    1996768 kB
Inactive(anon):   766124 kB
Active(file):     148720 kB
Inactive(file):   272444 kB
Unevictable:         128 kB
Mlocked:             128 kB
SwapTotal:       4059132 kB
SwapFree:        3748564 kB
Dirty:               672 kB
Writeback:             0 kB
AnonPages:       2393196 kB
Mapped:           199372 kB
Shmem:            333088 kB
Slab:             135768 kB
SReclaimable:      96236 kB
SUnreclaim:        39532 kB
KernelStack:        5144 kB
PageTables:        56392 kB
NFS_Unstable:          0 kB
Bounce:                0 kB
WritebackTmp:          0 kB
CommitLimit:     6016400 kB
Committed_AS:    6477592 kB
VmallocTotal:   34359738367 kB
VmallocUsed:      839672 kB
VmallocChunk:   34358841308 kB
HardwareCorrupted:     0 kB
AnonHugePages:         0 kB
HugePages_Total:       0
HugePages_Free:        0
HugePages_Rsvd:        0
HugePages_Surp:        0
Hugepagesize:       2048 kB
DirectMap4k:       95996 kB
DirectMap2M:     3971072 kB


CPU:total 4 (2 cores per cpu, 2 threads per core) family 6 model 58 stepping 9, cmov, cx8, fxsr, mmx, sse, sse2, sse3, ssse3, sse4.1, sse4.2, popcnt, avx, ht, tsc, tscinvbit, tscinv

/proc/cpuinfo:
processor	: 0
vendor_id	: GenuineIntel
cpu family	: 6
model		: 58
model name	: Intel(R) Core(TM) i5-3337U CPU @ 1.80GHz
stepping	: 9
microcode	: 0x15
cpu MHz		: 1795.932
cache size	: 3072 KB
physical id	: 0
siblings	: 4
core id		: 0
cpu cores	: 2
apicid		: 0
initial apicid	: 0
fpu		: yes
fpu_exception	: yes
cpuid level	: 13
wp		: yes
flags		: fpu vme de pse tsc msr pae mce cx8 apic sep mtrr pge mca cmov pat pse36 clflush dts acpi mmx fxsr sse sse2 ss ht tm pbe syscall nx rdtscp lm constant_tsc arch_perfmon pebs bts rep_good nopl xtopology nonstop_tsc aperfmperf eagerfpu pni pclmulqdq dtes64 monitor ds_cpl vmx est tm2 ssse3 cx16 xtpr pdcm pcid sse4_1 sse4_2 x2apic popcnt tsc_deadline_timer aes xsave avx f16c rdrand lahf_lm arat epb xsaveopt pln pts dtherm tpr_shadow vnmi flexpriority ept vpid fsgsbase smep erms
bogomips	: 3591.86
clflush size	: 64
cache_alignment	: 64
address sizes	: 36 bits physical, 48 bits virtual
power management:

processor	: 1
vendor_id	: GenuineIntel
cpu family	: 6
model		: 58
model name	: Intel(R) Core(TM) i5-3337U CPU @ 1.80GHz
stepping	: 9
microcode	: 0x15
cpu MHz		: 1795.932
cache size	: 3072 KB
physical id	: 0
siblings	: 4
core id		: 0
cpu cores	: 2
apicid		: 1
initial apicid	: 1
fpu		: yes
fpu_exception	: yes
cpuid level	: 13
wp		: yes
flags		: fpu vme de pse tsc msr pae mce cx8 apic sep mtrr pge mca cmov pat pse36 clflush dts acpi mmx fxsr sse sse2 ss ht tm pbe syscall nx rdtscp lm constant_tsc arch_perfmon pebs bts rep_good nopl xtopology nonstop_tsc aperfmperf eagerfpu pni pclmulqdq dtes64 monitor ds_cpl vmx est tm2 ssse3 cx16 xtpr pdcm pcid sse4_1 sse4_2 x2apic popcnt tsc_deadline_timer aes xsave avx f16c rdrand lahf_lm arat epb xsaveopt pln pts dtherm tpr_shadow vnmi flexpriority ept vpid fsgsbase smep erms
bogomips	: 3591.86
clflush size	: 64
cache_alignment	: 64
address sizes	: 36 bits physical, 48 bits virtual
power management:

processor	: 2
vendor_id	: GenuineIntel
cpu family	: 6
model		: 58
model name	: Intel(R) Core(TM) i5-3337U CPU @ 1.80GHz
stepping	: 9
microcode	: 0x15
cpu MHz		: 1795.932
cache size	: 3072 KB
physical id	: 0
siblings	: 4
core id		: 1
cpu cores	: 2
apicid		: 2
initial apicid	: 2
fpu		: yes
fpu_exception	: yes
cpuid level	: 13
wp		: yes
flags		: fpu vme de pse tsc msr pae mce cx8 apic sep mtrr pge mca cmov pat pse36 clflush dts acpi mmx fxsr sse sse2 ss ht tm pbe syscall nx rdtscp lm constant_tsc arch_perfmon pebs bts rep_good nopl xtopology nonstop_tsc aperfmperf eagerfpu pni pclmulqdq dtes64 monitor ds_cpl vmx est tm2 ssse3 cx16 xtpr pdcm pcid sse4_1 sse4_2 x2apic popcnt tsc_deadline_timer aes xsave avx f16c rdrand lahf_lm arat epb xsaveopt pln pts dtherm tpr_shadow vnmi flexpriority ept vpid fsgsbase smep erms
bogomips	: 3591.86
clflush size	: 64
cache_alignment	: 64
address sizes	: 36 bits physical, 48 bits virtual
power management:

processor	: 3
vendor_id	: GenuineIntel
cpu family	: 6
model		: 58
model name	: Intel(R) Core(TM) i5-3337U CPU @ 1.80GHz
stepping	: 9
microcode	: 0x15
cpu MHz		: 1795.932
cache size	: 3072 KB
physical id	: 0
siblings	: 4
core id		: 1
cpu cores	: 2
apicid		: 3
initial apicid	: 3
fpu		: yes
fpu_exception	: yes
cpuid level	: 13
wp		: yes
flags		: fpu vme de pse tsc msr pae mce cx8 apic sep mtrr pge mca cmov pat pse36 clflush dts acpi mmx fxsr sse sse2 ss ht tm pbe syscall nx rdtscp lm constant_tsc arch_perfmon pebs bts rep_good nopl xtopology nonstop_tsc aperfmperf eagerfpu pni pclmulqdq dtes64 monitor ds_cpl vmx est tm2 ssse3 cx16 xtpr pdcm pcid sse4_1 sse4_2 x2apic popcnt tsc_deadline_timer aes xsave avx f16c rdrand lahf_lm arat epb xsaveopt pln pts dtherm tpr_shadow vnmi flexpriority ept vpid fsgsbase smep erms
bogomips	: 3591.86
clflush size	: 64
cache_alignment	: 64
address sizes	: 36 bits physical, 48 bits virtual
power management:



Memory: 4k page, physical 3914536k(448516k free), swap 4059132k(3748564k free)

vm_info: OpenJDK 64-Bit Server VM (23.7-b01) for linux-amd64 JRE (1.7.0_25-b30), built on Oct 11 2013 18:04:12 by "buildd" with gcc 4.8.1

time: Tue Jan 21 17:30:51 2014
elapsed time: 0 seconds

