#
# A fatal error has been detected by the Java Runtime Environment:
#
#  Internal Error (javaClasses.cpp:129), pid=30839, tid=139638596310784
#  fatal error: Invalid layout of preloaded class
#
# JRE version: 7.0_25-b30
# Java VM: OpenJDK 64-Bit Server VM (23.7-b01 mixed mode linux-amd64 compressed oops)
# Failed to write core dump. Core dumps have been disabled. To enable core dumping, try "ulimit -c unlimited" before starting Java again
#
# If you would like to submit a bug report, please include
# instructions on how to reproduce the bug and visit:
#   https://bugs.launchpad.net/ubuntu/+source/openjdk-7/
#

---------------  T H R E A D  ---------------

Current thread (0x00007f001c009800):  JavaThread "Unknown thread" [_thread_in_vm, id=30845, stack(0x00007f0024de1000,0x00007f0024ee2000)]

Stack: [0x00007f0024de1000,0x00007f0024ee2000],  sp=0x00007f0024ee0940,  free space=1022k
Native frames: (J=compiled Java code, j=interpreted, Vv=VM code, C=native code)
V  [libjvm.so+0x87092b]  VMError::report_and_die()+0x16b
V  [libjvm.so+0x3edba4]  report_fatal(char const*, int, char const*)+0x54
V  [libjvm.so+0x52fc52]  compute_offset(int&, klassOopDesc*, Symbol*, Symbol*, bool) [clone .constprop.123]+0x102
V  [libjvm.so+0x5303d6]  java_lang_String::compute_offsets()+0x36
V  [libjvm.so+0x7fcc3a]  SystemDictionary::initialize_preloaded_classes(Thread*)+0xaa
V  [libjvm.so+0x848f18]  Universe::genesis(Thread*)+0x458
V  [libjvm.so+0x849524]  universe2_init()+0x24
V  [libjvm.so+0x4e566a]  init_globals()+0x9a
V  [libjvm.so+0x82d702]  Threads::create_vm(JavaVMInitArgs*, bool*)+0x3a2
V  [libjvm.so+0x54e7fd]  JNI_CreateJavaVM+0x4d
C  [libjli.so+0x2b18]  __strcat_chk+0x2b18


---------------  P R O C E S S  ---------------

Java Threads: ( => current thread )

Other Threads:

=>0x00007f001c009800 (exited) JavaThread "Unknown thread" [_thread_in_vm, id=30845, stack(0x00007f0024de1000,0x00007f0024ee2000)]

VM state:not at safepoint (not fully initialized)

VM Mutex/Monitor currently owned by a thread: None

GC Heap History (0 events):
No events

Deoptimization events (0 events):
No events

Internal exceptions (0 events):
No events

Events (10 events):
Event: 0.341 loading class 0x00007f001c02b430 done
Event: 0.342 loading class 0x00007f001c02acd0 done
Event: 0.342 loading class 0x00007f001c02aca0
Event: 0.342 loading class 0x00007f001c055f30
Event: 0.343 loading class 0x00007f001c055f30 done
Event: 0.343 loading class 0x00007f001c055f70
Event: 0.343 loading class 0x00007f001c055f70 done
Event: 0.343 loading class 0x00007f001c055fb0
Event: 0.343 loading class 0x00007f001c055fb0 done
Event: 0.344 loading class 0x00007f001c02aca0 done


Dynamic libraries:
00400000-00401000 r-xp 00000000 fc:00 30941004                           /usr/lib/jvm/java-7-openjdk-amd64/jre/bin/java
00600000-00601000 r--p 00000000 fc:00 30941004                           /usr/lib/jvm/java-7-openjdk-amd64/jre/bin/java
00601000-00602000 rw-p 00001000 fc:00 30941004                           /usr/lib/jvm/java-7-openjdk-amd64/jre/bin/java
00fd1000-00ff2000 rw-p 00000000 00:00 0                                  [heap]
b9e00000-bb2c0000 rw-p 00000000 00:00 0 
bb2c0000-c4400000 rw-p 00000000 00:00 0 
c4400000-c6be0000 rw-p 00000000 00:00 0 
c6be0000-ec160000 rw-p 00000000 00:00 0 
ec160000-ed540000 rw-p 00000000 00:00 0 
ed540000-100000000 rw-p 00000000 00:00 0 
7f0004000000-7f0004021000 rw-p 00000000 00:00 0 
7f0004021000-7f0008000000 ---p 00000000 00:00 0 
7f0008000000-7f0008021000 rw-p 00000000 00:00 0 
7f0008021000-7f000c000000 ---p 00000000 00:00 0 
7f000c000000-7f000c021000 rw-p 00000000 00:00 0 
7f000c021000-7f0010000000 ---p 00000000 00:00 0 
7f0011cf0000-7f0014000000 rw-p 00000000 00:00 0 
7f0014000000-7f0014021000 rw-p 00000000 00:00 0 
7f0014021000-7f0018000000 ---p 00000000 00:00 0 
7f0019000000-7f0019270000 rwxp 00000000 00:00 0 
7f0019270000-7f001c060000 rw-p 00000000 00:00 0 
7f001c060000-7f0020000000 ---p 00000000 00:00 0 
7f00207b1000-7f00209e0000 rw-p 00000000 00:00 0 
7f00209e0000-7f0020aa6000 r--s 0116f000 fc:00 18750326                   /home/itogui/Desktop/adt-bundle-linux-x86_64-20131030/sdk/platforms/android-17/android.jar
7f0020aa6000-7f0021392000 rw-p 00000000 00:00 0 
7f0021392000-7f0021393000 ---p 00000000 00:00 0 
7f0021393000-7f0021493000 rw-p 00000000 00:00 0                          [stack:30849]
7f0021493000-7f0021494000 ---p 00000000 00:00 0 
7f0021494000-7f0021594000 rw-p 00000000 00:00 0                          [stack:30848]
7f0021594000-7f0021595000 ---p 00000000 00:00 0 
7f0021595000-7f0021695000 rw-p 00000000 00:00 0                          [stack:30847]
7f0021695000-7f0021696000 ---p 00000000 00:00 0 
7f0021696000-7f00217a1000 rw-p 00000000 00:00 0                          [stack:30846]
7f00217a1000-7f00217e9000 rw-p 00000000 00:00 0 
7f00217e9000-7f00217fd000 rw-p 00000000 00:00 0 
7f00217fd000-7f0021928000 rw-p 00000000 00:00 0 
7f0021928000-7f0021933000 rw-p 00000000 00:00 0 
7f0021933000-7f002197b000 rw-p 00000000 00:00 0 
7f002197b000-7f002198f000 rw-p 00000000 00:00 0 
7f002198f000-7f0021ab9000 rw-p 00000000 00:00 0 
7f0021ab9000-7f0021ac4000 rw-p 00000000 00:00 0 
7f0021ac4000-7f0021b59000 rw-p 00000000 00:00 0 
7f0021b59000-7f0021b5a000 rw-p 00000000 00:00 0 
7f0021b5a000-7f0021b62000 r-xp 00000000 fc:00 30941000                   /usr/lib/jvm/java-7-openjdk-amd64/jre/lib/amd64/libzip.so
7f0021b62000-7f0021d61000 ---p 00008000 fc:00 30941000                   /usr/lib/jvm/java-7-openjdk-amd64/jre/lib/amd64/libzip.so
7f0021d61000-7f0021d62000 r--p 00007000 fc:00 30941000                   /usr/lib/jvm/java-7-openjdk-amd64/jre/lib/amd64/libzip.so
7f0021d62000-7f0021d63000 rw-p 00008000 fc:00 30941000                   /usr/lib/jvm/java-7-openjdk-amd64/jre/lib/amd64/libzip.so
7f0021d63000-7f0021d6f000 r-xp 00000000 fc:00 12847485                   /lib/x86_64-linux-gnu/libnss_files-2.17.so
7f0021d6f000-7f0021f6e000 ---p 0000c000 fc:00 12847485                   /lib/x86_64-linux-gnu/libnss_files-2.17.so
7f0021f6e000-7f0021f6f000 r--p 0000b000 fc:00 12847485                   /lib/x86_64-linux-gnu/libnss_files-2.17.so
7f0021f6f000-7f0021f70000 rw-p 0000c000 fc:00 12847485                   /lib/x86_64-linux-gnu/libnss_files-2.17.so
7f0021f70000-7f0021f7b000 r-xp 00000000 fc:00 12847483                   /lib/x86_64-linux-gnu/libnss_nis-2.17.so
7f0021f7b000-7f002217a000 ---p 0000b000 fc:00 12847483                   /lib/x86_64-linux-gnu/libnss_nis-2.17.so
7f002217a000-7f002217b000 r--p 0000a000 fc:00 12847483                   /lib/x86_64-linux-gnu/libnss_nis-2.17.so
7f002217b000-7f002217c000 rw-p 0000b000 fc:00 12847483                   /lib/x86_64-linux-gnu/libnss_nis-2.17.so
7f002217c000-7f0022193000 r-xp 00000000 fc:00 12845868                   /lib/x86_64-linux-gnu/libnsl-2.17.so
7f0022193000-7f0022392000 ---p 00017000 fc:00 12845868                   /lib/x86_64-linux-gnu/libnsl-2.17.so
7f0022392000-7f0022393000 r--p 00016000 fc:00 12845868                   /lib/x86_64-linux-gnu/libnsl-2.17.so
7f0022393000-7f0022394000 rw-p 00017000 fc:00 12845868                   /lib/x86_64-linux-gnu/libnsl-2.17.so
7f0022394000-7f0022396000 rw-p 00000000 00:00 0 
7f0022396000-7f002239e000 r-xp 00000000 fc:00 12847474                   /lib/x86_64-linux-gnu/libnss_compat-2.17.so
7f002239e000-7f002259d000 ---p 00008000 fc:00 12847474                   /lib/x86_64-linux-gnu/libnss_compat-2.17.so
7f002259d000-7f002259e000 r--p 00007000 fc:00 12847474                   /lib/x86_64-linux-gnu/libnss_compat-2.17.so
7f002259e000-7f002259f000 rw-p 00008000 fc:00 12847474                   /lib/x86_64-linux-gnu/libnss_compat-2.17.so
7f002259f000-7f00225ca000 r-xp 00000000 fc:00 30940956                   /usr/lib/jvm/java-7-openjdk-amd64/jre/lib/amd64/libjava.so
7f00225ca000-7f00227c9000 ---p 0002b000 fc:00 30940956                   /usr/lib/jvm/java-7-openjdk-amd64/jre/lib/amd64/libjava.so
7f00227c9000-7f00227ca000 r--p 0002a000 fc:00 30940956                   /usr/lib/jvm/java-7-openjdk-amd64/jre/lib/amd64/libjava.so
7f00227ca000-7f00227cc000 rw-p 0002b000 fc:00 30940956                   /usr/lib/jvm/java-7-openjdk-amd64/jre/lib/amd64/libjava.so
7f00227cc000-7f00227dc000 r-xp 00000000 fc:00 30940952                   /usr/lib/jvm/java-7-openjdk-amd64/jre/lib/amd64/libverify.so
7f00227dc000-7f00229db000 ---p 00010000 fc:00 30940952                   /usr/lib/jvm/java-7-openjdk-amd64/jre/lib/amd64/libverify.so
7f00229db000-7f00229dd000 r--p 0000f000 fc:00 30940952                   /usr/lib/jvm/java-7-openjdk-amd64/jre/lib/amd64/libverify.so
7f00229dd000-7f00229de000 rw-p 00011000 fc:00 30940952                   /usr/lib/jvm/java-7-openjdk-amd64/jre/lib/amd64/libverify.so
7f00229de000-7f00229e5000 r-xp 00000000 fc:00 12847486                   /lib/x86_64-linux-gnu/librt-2.17.so
7f00229e5000-7f0022be4000 ---p 00007000 fc:00 12847486                   /lib/x86_64-linux-gnu/librt-2.17.so
7f0022be4000-7f0022be5000 r--p 00006000 fc:00 12847486                   /lib/x86_64-linux-gnu/librt-2.17.so
7f0022be5000-7f0022be6000 rw-p 00007000 fc:00 12847486                   /lib/x86_64-linux-gnu/librt-2.17.so
7f0022be6000-7f0022bfb000 r-xp 00000000 fc:00 12846112                   /lib/x86_64-linux-gnu/libgcc_s.so.1
7f0022bfb000-7f0022dfa000 ---p 00015000 fc:00 12846112                   /lib/x86_64-linux-gnu/libgcc_s.so.1
7f0022dfa000-7f0022dfb000 r--p 00014000 fc:00 12846112                   /lib/x86_64-linux-gnu/libgcc_s.so.1
7f0022dfb000-7f0022dfc000 rw-p 00015000 fc:00 12846112                   /lib/x86_64-linux-gnu/libgcc_s.so.1
7f0022dfc000-7f0022eff000 r-xp 00000000 fc:00 12847477                   /lib/x86_64-linux-gnu/libm-2.17.so
7f0022eff000-7f00230fe000 ---p 00103000 fc:00 12847477                   /lib/x86_64-linux-gnu/libm-2.17.so
7f00230fe000-7f00230ff000 r--p 00102000 fc:00 12847477                   /lib/x86_64-linux-gnu/libm-2.17.so
7f00230ff000-7f0023100000 rw-p 00103000 fc:00 12847477                   /lib/x86_64-linux-gnu/libm-2.17.so
7f0023100000-7f00231e6000 r-xp 00000000 fc:00 30945947                   /usr/lib/x86_64-linux-gnu/libstdc++.so.6.0.18
7f00231e6000-7f00233e5000 ---p 000e6000 fc:00 30945947                   /usr/lib/x86_64-linux-gnu/libstdc++.so.6.0.18
7f00233e5000-7f00233ed000 r--p 000e5000 fc:00 30945947                   /usr/lib/x86_64-linux-gnu/libstdc++.so.6.0.18
7f00233ed000-7f00233ef000 rw-p 000ed000 fc:00 30945947                   /usr/lib/x86_64-linux-gnu/libstdc++.so.6.0.18
7f00233ef000-7f0023404000 rw-p 00000000 00:00 0 
7f0023404000-7f0023e12000 r-xp 00000000 fc:00 30940964                   /usr/lib/jvm/java-7-openjdk-amd64/jre/lib/amd64/server/libjvm.so
7f0023e12000-7f0024011000 ---p 00a0e000 fc:00 30940964                   /usr/lib/jvm/java-7-openjdk-amd64/jre/lib/amd64/server/libjvm.so
7f0024011000-7f002408a000 r--p 00a0d000 fc:00 30940964                   /usr/lib/jvm/java-7-openjdk-amd64/jre/lib/amd64/server/libjvm.so
7f002408a000-7f00240ad000 rw-p 00a86000 fc:00 30940964                   /usr/lib/jvm/java-7-openjdk-amd64/jre/lib/amd64/server/libjvm.so
7f00240ad000-7f00240d8000 rw-p 00000000 00:00 0 
7f00240d8000-7f00240f0000 r-xp 00000000 fc:00 12846104                   /lib/x86_64-linux-gnu/libz.so.1.2.8
7f00240f0000-7f00242ef000 ---p 00018000 fc:00 12846104                   /lib/x86_64-linux-gnu/libz.so.1.2.8
7f00242ef000-7f00242f0000 r--p 00017000 fc:00 12846104                   /lib/x86_64-linux-gnu/libz.so.1.2.8
7f00242f0000-7f00242f1000 rw-p 00018000 fc:00 12846104                   /lib/x86_64-linux-gnu/libz.so.1.2.8
7f00242f1000-7f0024308000 r-xp 00000000 fc:00 12847493                   /lib/x86_64-linux-gnu/libpthread-2.17.so
7f0024308000-7f0024508000 ---p 00017000 fc:00 12847493                   /lib/x86_64-linux-gnu/libpthread-2.17.so
7f0024508000-7f0024509000 r--p 00017000 fc:00 12847493                   /lib/x86_64-linux-gnu/libpthread-2.17.so
7f0024509000-7f002450a000 rw-p 00018000 fc:00 12847493                   /lib/x86_64-linux-gnu/libpthread-2.17.so
7f002450a000-7f002450e000 rw-p 00000000 00:00 0 
7f002450e000-7f0024511000 r-xp 00000000 fc:00 12847492                   /lib/x86_64-linux-gnu/libdl-2.17.so
7f0024511000-7f0024710000 ---p 00003000 fc:00 12847492                   /lib/x86_64-linux-gnu/libdl-2.17.so
7f0024710000-7f0024711000 r--p 00002000 fc:00 12847492                   /lib/x86_64-linux-gnu/libdl-2.17.so
7f0024711000-7f0024712000 rw-p 00003000 fc:00 12847492                   /lib/x86_64-linux-gnu/libdl-2.17.so
7f0024712000-7f00248cf000 r-xp 00000000 fc:00 12847491                   /lib/x86_64-linux-gnu/libc-2.17.so
7f00248cf000-7f0024acf000 ---p 001bd000 fc:00 12847491                   /lib/x86_64-linux-gnu/libc-2.17.so
7f0024acf000-7f0024ad3000 r--p 001bd000 fc:00 12847491                   /lib/x86_64-linux-gnu/libc-2.17.so
7f0024ad3000-7f0024ad5000 rw-p 001c1000 fc:00 12847491                   /lib/x86_64-linux-gnu/libc-2.17.so
7f0024ad5000-7f0024ada000 rw-p 00000000 00:00 0 
7f0024ada000-7f0024ae7000 r-xp 00000000 fc:00 30940770                   /usr/lib/jvm/java-7-openjdk-amd64/jre/lib/amd64/jli/libjli.so
7f0024ae7000-7f0024ce6000 ---p 0000d000 fc:00 30940770                   /usr/lib/jvm/java-7-openjdk-amd64/jre/lib/amd64/jli/libjli.so
7f0024ce6000-7f0024ce7000 r--p 0000c000 fc:00 30940770                   /usr/lib/jvm/java-7-openjdk-amd64/jre/lib/amd64/jli/libjli.so
7f0024ce7000-7f0024ce8000 rw-p 0000d000 fc:00 30940770                   /usr/lib/jvm/java-7-openjdk-amd64/jre/lib/amd64/jli/libjli.so
7f0024ce8000-7f0024d0b000 r-xp 00000000 fc:00 12847480                   /lib/x86_64-linux-gnu/ld-2.17.so
7f0024d21000-7f0024d2b000 rw-p 00000000 00:00 0 
7f0024d2b000-7f0024de1000 rw-p 00000000 00:00 0 
7f0024de1000-7f0024de4000 ---p 00000000 00:00 0 
7f0024de4000-7f0024ee7000 rw-p 00000000 00:00 0                          [stack:30845]
7f0024efc000-7f0024efe000 rw-p 00000000 00:00 0 
7f0024efe000-7f0024f06000 rw-s 00000000 fc:00 13898506                   /tmp/hsperfdata_itogui/30839
7f0024f06000-7f0024f07000 rw-p 00000000 00:00 0 
7f0024f07000-7f0024f08000 r--p 00000000 00:00 0 
7f0024f08000-7f0024f0a000 rw-p 00000000 00:00 0 
7f0024f0a000-7f0024f0b000 r--p 00022000 fc:00 12847480                   /lib/x86_64-linux-gnu/ld-2.17.so
7f0024f0b000-7f0024f0d000 rw-p 00023000 fc:00 12847480                   /lib/x86_64-linux-gnu/ld-2.17.so
7fff8f507000-7fff8f528000 rw-p 00000000 00:00 0                          [stack]
7fff8f54a000-7fff8f54c000 r-xp 00000000 00:00 0                          [vdso]
ffffffffff600000-ffffffffff601000 r-xp 00000000 00:00 0                  [vsyscall]

VM Arguments:
jvm_args: -Dfile.encoding=UTF-8 -Xbootclasspath:/home/itogui/Desktop/adt-bundle-linux-x86_64-20131030/sdk/platforms/android-17/android.jar 
java_command: core.Tools
Launcher Type: SUN_STANDARD

Environment Variables:
PATH=/usr/lib/lightdm/lightdm:/usr/local/sbin:/usr/local/bin:/usr/sbin:/usr/bin:/sbin:/bin:/usr/games:/usr/local/games
SHELL=/bin/bash
DISPLAY=:0

Signal Handlers:
SIGSEGV: [libjvm.so+0x871410], sa_mask[0]=0x7ffbfeff, sa_flags=0x10000004
SIGBUS: [libjvm.so+0x871410], sa_mask[0]=0x7ffbfeff, sa_flags=0x10000004
SIGFPE: [libjvm.so+0x709540], sa_mask[0]=0x7ffbfeff, sa_flags=0x10000004
SIGPIPE: [libjvm.so+0x709540], sa_mask[0]=0x7ffbfeff, sa_flags=0x10000004
SIGXFSZ: [libjvm.so+0x709540], sa_mask[0]=0x7ffbfeff, sa_flags=0x10000004
SIGILL: [libjvm.so+0x709540], sa_mask[0]=0x7ffbfeff, sa_flags=0x10000004
SIGUSR1: SIG_DFL, sa_mask[0]=0x00000000, sa_flags=0x00000000
SIGUSR2: [libjvm.so+0x709270], sa_mask[0]=0x00000004, sa_flags=0x10000004
SIGHUP: SIG_DFL, sa_mask[0]=0x00000000, sa_flags=0x00000000
SIGINT: SIG_DFL, sa_mask[0]=0x00000000, sa_flags=0x00000000
SIGTERM: SIG_DFL, sa_mask[0]=0x00000000, sa_flags=0x00000000
SIGQUIT: SIG_DFL, sa_mask[0]=0x00000000, sa_flags=0x00000000


---------------  S Y S T E M  ---------------

OS:Ubuntu 13.10 (saucy)
uname:Linux 3.11.0-15-generic #23-Ubuntu SMP Mon Dec 9 18:17:04 UTC 2013 x86_64
libc:glibc 2.17 NPTL 2.17 
rlimit: STACK 8192k, CORE 0k, NPROC 29900, NOFILE 4096, AS infinity
load average:0.86 0.79 0.73

/proc/meminfo:
MemTotal:        3914536 kB
MemFree:          574188 kB
Buffers:           17712 kB
Cached:           668688 kB
SwapCached:        47304 kB
Active:          2077672 kB
Inactive:         983008 kB
Active(anon):    1945380 kB
Inactive(anon):   761828 kB
Active(file):     132292 kB
Inactive(file):   221180 kB
Unevictable:         128 kB
Mlocked:             128 kB
SwapTotal:       4059132 kB
SwapFree:        3746496 kB
Dirty:               116 kB
Writeback:             0 kB
AnonPages:       2339032 kB
Mapped:           180152 kB
Shmem:            332884 kB
Slab:             134468 kB
SReclaimable:      95164 kB
SUnreclaim:        39304 kB
KernelStack:        5256 kB
PageTables:        55848 kB
NFS_Unstable:          0 kB
Bounce:                0 kB
WritebackTmp:          0 kB
CommitLimit:     6016400 kB
Committed_AS:    6391296 kB
VmallocTotal:   34359738367 kB
VmallocUsed:      839672 kB
VmallocChunk:   34358841308 kB
HardwareCorrupted:     0 kB
AnonHugePages:         0 kB
HugePages_Total:       0
HugePages_Free:        0
HugePages_Rsvd:        0
HugePages_Surp:        0
Hugepagesize:       2048 kB
DirectMap4k:       95996 kB
DirectMap2M:     3971072 kB


CPU:total 4 (2 cores per cpu, 2 threads per core) family 6 model 58 stepping 9, cmov, cx8, fxsr, mmx, sse, sse2, sse3, ssse3, sse4.1, sse4.2, popcnt, avx, ht, tsc, tscinvbit, tscinv

/proc/cpuinfo:
processor	: 0
vendor_id	: GenuineIntel
cpu family	: 6
model		: 58
model name	: Intel(R) Core(TM) i5-3337U CPU @ 1.80GHz
stepping	: 9
microcode	: 0x15
cpu MHz		: 1795.932
cache size	: 3072 KB
physical id	: 0
siblings	: 4
core id		: 0
cpu cores	: 2
apicid		: 0
initial apicid	: 0
fpu		: yes
fpu_exception	: yes
cpuid level	: 13
wp		: yes
flags		: fpu vme de pse tsc msr pae mce cx8 apic sep mtrr pge mca cmov pat pse36 clflush dts acpi mmx fxsr sse sse2 ss ht tm pbe syscall nx rdtscp lm constant_tsc arch_perfmon pebs bts rep_good nopl xtopology nonstop_tsc aperfmperf eagerfpu pni pclmulqdq dtes64 monitor ds_cpl vmx est tm2 ssse3 cx16 xtpr pdcm pcid sse4_1 sse4_2 x2apic popcnt tsc_deadline_timer aes xsave avx f16c rdrand lahf_lm arat epb xsaveopt pln pts dtherm tpr_shadow vnmi flexpriority ept vpid fsgsbase smep erms
bogomips	: 3591.86
clflush size	: 64
cache_alignment	: 64
address sizes	: 36 bits physical, 48 bits virtual
power management:

processor	: 1
vendor_id	: GenuineIntel
cpu family	: 6
model		: 58
model name	: Intel(R) Core(TM) i5-3337U CPU @ 1.80GHz
stepping	: 9
microcode	: 0x15
cpu MHz		: 1795.932
cache size	: 3072 KB
physical id	: 0
siblings	: 4
core id		: 0
cpu cores	: 2
apicid		: 1
initial apicid	: 1
fpu		: yes
fpu_exception	: yes
cpuid level	: 13
wp		: yes
flags		: fpu vme de pse tsc msr pae mce cx8 apic sep mtrr pge mca cmov pat pse36 clflush dts acpi mmx fxsr sse sse2 ss ht tm pbe syscall nx rdtscp lm constant_tsc arch_perfmon pebs bts rep_good nopl xtopology nonstop_tsc aperfmperf eagerfpu pni pclmulqdq dtes64 monitor ds_cpl vmx est tm2 ssse3 cx16 xtpr pdcm pcid sse4_1 sse4_2 x2apic popcnt tsc_deadline_timer aes xsave avx f16c rdrand lahf_lm arat epb xsaveopt pln pts dtherm tpr_shadow vnmi flexpriority ept vpid fsgsbase smep erms
bogomips	: 3591.86
clflush size	: 64
cache_alignment	: 64
address sizes	: 36 bits physical, 48 bits virtual
power management:

processor	: 2
vendor_id	: GenuineIntel
cpu family	: 6
model		: 58
model name	: Intel(R) Core(TM) i5-3337U CPU @ 1.80GHz
stepping	: 9
microcode	: 0x15
cpu MHz		: 1795.932
cache size	: 3072 KB
physical id	: 0
siblings	: 4
core id		: 1
cpu cores	: 2
apicid		: 2
initial apicid	: 2
fpu		: yes
fpu_exception	: yes
cpuid level	: 13
wp		: yes
flags		: fpu vme de pse tsc msr pae mce cx8 apic sep mtrr pge mca cmov pat pse36 clflush dts acpi mmx fxsr sse sse2 ss ht tm pbe syscall nx rdtscp lm constant_tsc arch_perfmon pebs bts rep_good nopl xtopology nonstop_tsc aperfmperf eagerfpu pni pclmulqdq dtes64 monitor ds_cpl vmx est tm2 ssse3 cx16 xtpr pdcm pcid sse4_1 sse4_2 x2apic popcnt tsc_deadline_timer aes xsave avx f16c rdrand lahf_lm arat epb xsaveopt pln pts dtherm tpr_shadow vnmi flexpriority ept vpid fsgsbase smep erms
bogomips	: 3591.86
clflush size	: 64
cache_alignment	: 64
address sizes	: 36 bits physical, 48 bits virtual
power management:

processor	: 3
vendor_id	: GenuineIntel
cpu family	: 6
model		: 58
model name	: Intel(R) Core(TM) i5-3337U CPU @ 1.80GHz
stepping	: 9
microcode	: 0x15
cpu MHz		: 1795.932
cache size	: 3072 KB
physical id	: 0
siblings	: 4
core id		: 1
cpu cores	: 2
apicid		: 3
initial apicid	: 3
fpu		: yes
fpu_exception	: yes
cpuid level	: 13
wp		: yes
flags		: fpu vme de pse tsc msr pae mce cx8 apic sep mtrr pge mca cmov pat pse36 clflush dts acpi mmx fxsr sse sse2 ss ht tm pbe syscall nx rdtscp lm constant_tsc arch_perfmon pebs bts rep_good nopl xtopology nonstop_tsc aperfmperf eagerfpu pni pclmulqdq dtes64 monitor ds_cpl vmx est tm2 ssse3 cx16 xtpr pdcm pcid sse4_1 sse4_2 x2apic popcnt tsc_deadline_timer aes xsave avx f16c rdrand lahf_lm arat epb xsaveopt pln pts dtherm tpr_shadow vnmi flexpriority ept vpid fsgsbase smep erms
bogomips	: 3591.86
clflush size	: 64
cache_alignment	: 64
address sizes	: 36 bits physical, 48 bits virtual
power management:



Memory: 4k page, physical 3914536k(574188k free), swap 4059132k(3746496k free)

vm_info: OpenJDK 64-Bit Server VM (23.7-b01) for linux-amd64 JRE (1.7.0_25-b30), built on Oct 11 2013 18:04:12 by "buildd" with gcc 4.8.1

time: Tue Jan 21 17:28:48 2014
elapsed time: 0 seconds

